<?xml version='1.1' encoding='UTF-8'?>
<result plugin="junit@1.28">
  <suites>
    <suite>
      <file>/var/lib/jenkins/workspace/0.ApplicationGroovyPipeLine/target/surefire-reports/TEST-com.edurekademo.utilities.TestGenericComparator.xml</file>
      <name>com.edurekademo.utilities.TestGenericComparator</name>
      <duration>0.077</duration>
      <time>0.077</time>
      <nodeId>36</nodeId>
      <enclosingBlocks>
        <string>32</string>
      </enclosingBlocks>
      <enclosingBlockNames>
        <string>Test</string>
      </enclosingBlockNames>
      <cases>
        <case>
          <duration>0.043</duration>
          <className>com.edurekademo.utilities.TestGenericComparator</className>
          <testName>testSortEmpSpareDesc2</testName>
          <skipped>false</skipped>
          <failedSince>0</failedSince>
        </case>
        <case>
          <duration>0.002</duration>
          <className>com.edurekademo.utilities.TestGenericComparator</className>
          <testName>testSortEmpIDAsc</testName>
          <skipped>false</skipped>
          <failedSince>0</failedSince>
        </case>
        <case>
          <duration>0.002</duration>
          <className>com.edurekademo.utilities.TestGenericComparator</className>
          <testName>testSortEmpSpareAsc2</testName>
          <skipped>false</skipped>
          <failedSince>0</failedSince>
        </case>
        <case>
          <duration>0.0</duration>
          <className>com.edurekademo.utilities.TestGenericComparator</className>
          <testName>testSortEmpSpare2StringAsc</testName>
          <skipped>false</skipped>
          <failedSince>0</failedSince>
        </case>
        <case>
          <duration>0.003</duration>
          <className>com.edurekademo.utilities.TestGenericComparator</className>
          <testName>testSortEmpSpare2StringDesc</testName>
          <skipped>false</skipped>
          <failedSince>0</failedSince>
        </case>
        <case>
          <duration>0.014</duration>
          <className>com.edurekademo.utilities.TestGenericComparator</className>
          <testName>testSortEmpNameAscNewComparator</testName>
          <skipped>false</skipped>
          <failedSince>0</failedSince>
        </case>
        <case>
          <duration>0.003</duration>
          <className>com.edurekademo.utilities.TestGenericComparator</className>
          <testName>testDoubleSort</testName>
          <skipped>false</skipped>
          <failedSince>0</failedSince>
        </case>
        <case>
          <duration>0.0</duration>
          <className>com.edurekademo.utilities.TestGenericComparator</className>
          <testName>testSortEmpNameAsc</testName>
          <skipped>false</skipped>
          <failedSince>0</failedSince>
        </case>
        <case>
          <duration>0.001</duration>
          <className>com.edurekademo.utilities.TestGenericComparator</className>
          <testName>testSortEmpNameDesc</testName>
          <skipped>false</skipped>
          <failedSince>0</failedSince>
        </case>
        <case>
          <duration>0.0</duration>
          <className>com.edurekademo.utilities.TestGenericComparator</className>
          <testName>testSortEmpIDDesc</testName>
          <skipped>false</skipped>
          <failedSince>0</failedSince>
        </case>
        <case>
          <duration>0.003</duration>
          <className>com.edurekademo.utilities.TestGenericComparator</className>
          <testName>testSortEmpSpareAsc</testName>
          <skipped>false</skipped>
          <failedSince>0</failedSince>
        </case>
        <case>
          <duration>0.001</duration>
          <className>com.edurekademo.utilities.TestGenericComparator</className>
          <testName>testSortEmpSpareDesc</testName>
          <skipped>false</skipped>
          <failedSince>0</failedSince>
        </case>
        <case>
          <duration>0.001</duration>
          <className>com.edurekademo.utilities.TestGenericComparator</className>
          <testName>testSortEmpNameAscNewComparator3Element</testName>
          <skipped>false</skipped>
          <failedSince>0</failedSince>
        </case>
        <case>
          <duration>0.004</duration>
          <className>com.edurekademo.utilities.TestGenericComparator</className>
          <testName>testSortEmpNameDescNewComparator3Element</testName>
          <skipped>false</skipped>
          <failedSince>0</failedSince>
        </case>
      </cases>
    </suite>
    <suite>
      <file>/var/lib/jenkins/workspace/0.ApplicationGroovyPipeLine/target/surefire-reports/TEST-com.edurekademo.utilities.TestHexAsciiConversion.xml</file>
      <name>com.edurekademo.utilities.TestHexAsciiConversion</name>
      <duration>0.026</duration>
      <time>0.026</time>
      <nodeId>36</nodeId>
      <enclosingBlocks>
        <string>32</string>
      </enclosingBlocks>
      <enclosingBlockNames>
        <string>Test</string>
      </enclosingBlockNames>
      <cases>
        <case>
          <duration>0.002</duration>
          <className>com.edurekademo.utilities.TestHexAsciiConversion</className>
          <testName>testAsciiToHexNull</testName>
          <skipped>false</skipped>
          <failedSince>0</failedSince>
        </case>
        <case>
          <duration>0.001</duration>
          <className>com.edurekademo.utilities.TestHexAsciiConversion</className>
          <testName>testHextoAsciiNull</testName>
          <skipped>false</skipped>
          <failedSince>0</failedSince>
        </case>
        <case>
          <duration>0.007</duration>
          <className>com.edurekademo.utilities.TestHexAsciiConversion</className>
          <testName>testAsciiToHexValid</testName>
          <skipped>false</skipped>
          <failedSince>0</failedSince>
        </case>
        <case>
          <duration>0.001</duration>
          <className>com.edurekademo.utilities.TestHexAsciiConversion</className>
          <testName>testHexToAsciiValid</testName>
          <skipped>false</skipped>
          <failedSince>0</failedSince>
        </case>
      </cases>
    </suite>
    <suite>
      <file>/var/lib/jenkins/workspace/0.ApplicationGroovyPipeLine/target/surefire-reports/TEST-com.edurekademo.utilities.TestLogger.xml</file>
      <name>com.edurekademo.utilities.TestLogger</name>
      <duration>0.213</duration>
      <time>0.213</time>
      <nodeId>36</nodeId>
      <enclosingBlocks>
        <string>32</string>
      </enclosingBlocks>
      <enclosingBlockNames>
        <string>Test</string>
      </enclosingBlockNames>
      <cases>
        <case>
          <duration>0.209</duration>
          <className>com.edurekademo.utilities.TestLogger</className>
          <testName>testGetErrorMessage1</testName>
          <skipped>false</skipped>
          <failedSince>0</failedSince>
        </case>
        <case>
          <duration>0.209</duration>
          <className>com.edurekademo.utilities.TestLogger</className>
          <testName>testGetErrorMessage4</testName>
          <skipped>false</skipped>
          <failedSince>0</failedSince>
        </case>
        <case>
          <duration>0.209</duration>
          <className>com.edurekademo.utilities.TestLogger</className>
          <testName>testGetErrorMessage3</testName>
          <skipped>false</skipped>
          <failedSince>0</failedSince>
        </case>
        <case>
          <duration>0.209</duration>
          <className>com.edurekademo.utilities.TestLogger</className>
          <testName>testGetErrorMessage2</testName>
          <skipped>false</skipped>
          <failedSince>0</failedSince>
        </case>
        <case>
          <duration>0.212</duration>
          <className>com.edurekademo.utilities.TestLogger</className>
          <testName>testGetErrorMessage5</testName>
          <skipped>false</skipped>
          <failedSince>0</failedSince>
        </case>
      </cases>
    </suite>
    <suite>
      <file>/var/lib/jenkins/workspace/0.ApplicationGroovyPipeLine/target/surefire-reports/TEST-com.edurekademo.utilities.TestGenericComparator.xml</file>
      <name>com.edurekademo.utilities.TestGenericComparator</name>
      <duration>0.077</duration>
      <time>0.077</time>
      <nodeId>37</nodeId>
      <enclosingBlocks>
        <string>32</string>
      </enclosingBlocks>
      <enclosingBlockNames>
        <string>Test</string>
      </enclosingBlockNames>
      <cases>
        <case>
          <duration>0.043</duration>
          <className>com.edurekademo.utilities.TestGenericComparator</className>
          <testName>testSortEmpSpareDesc2</testName>
          <skipped>false</skipped>
          <failedSince>0</failedSince>
        </case>
        <case>
          <duration>0.002</duration>
          <className>com.edurekademo.utilities.TestGenericComparator</className>
          <testName>testSortEmpIDAsc</testName>
          <skipped>false</skipped>
          <failedSince>0</failedSince>
        </case>
        <case>
          <duration>0.002</duration>
          <className>com.edurekademo.utilities.TestGenericComparator</className>
          <testName>testSortEmpSpareAsc2</testName>
          <skipped>false</skipped>
          <failedSince>0</failedSince>
        </case>
        <case>
          <duration>0.0</duration>
          <className>com.edurekademo.utilities.TestGenericComparator</className>
          <testName>testSortEmpSpare2StringAsc</testName>
          <skipped>false</skipped>
          <failedSince>0</failedSince>
        </case>
        <case>
          <duration>0.003</duration>
          <className>com.edurekademo.utilities.TestGenericComparator</className>
          <testName>testSortEmpSpare2StringDesc</testName>
          <skipped>false</skipped>
          <failedSince>0</failedSince>
        </case>
        <case>
          <duration>0.014</duration>
          <className>com.edurekademo.utilities.TestGenericComparator</className>
          <testName>testSortEmpNameAscNewComparator</testName>
          <skipped>false</skipped>
          <failedSince>0</failedSince>
        </case>
        <case>
          <duration>0.003</duration>
          <className>com.edurekademo.utilities.TestGenericComparator</className>
          <testName>testDoubleSort</testName>
          <skipped>false</skipped>
          <failedSince>0</failedSince>
        </case>
        <case>
          <duration>0.0</duration>
          <className>com.edurekademo.utilities.TestGenericComparator</className>
          <testName>testSortEmpNameAsc</testName>
          <skipped>false</skipped>
          <failedSince>0</failedSince>
        </case>
        <case>
          <duration>0.001</duration>
          <className>com.edurekademo.utilities.TestGenericComparator</className>
          <testName>testSortEmpNameDesc</testName>
          <skipped>false</skipped>
          <failedSince>0</failedSince>
        </case>
        <case>
          <duration>0.0</duration>
          <className>com.edurekademo.utilities.TestGenericComparator</className>
          <testName>testSortEmpIDDesc</testName>
          <skipped>false</skipped>
          <failedSince>0</failedSince>
        </case>
        <case>
          <duration>0.003</duration>
          <className>com.edurekademo.utilities.TestGenericComparator</className>
          <testName>testSortEmpSpareAsc</testName>
          <skipped>false</skipped>
          <failedSince>0</failedSince>
        </case>
        <case>
          <duration>0.001</duration>
          <className>com.edurekademo.utilities.TestGenericComparator</className>
          <testName>testSortEmpSpareDesc</testName>
          <skipped>false</skipped>
          <failedSince>0</failedSince>
        </case>
        <case>
          <duration>0.001</duration>
          <className>com.edurekademo.utilities.TestGenericComparator</className>
          <testName>testSortEmpNameAscNewComparator3Element</testName>
          <skipped>false</skipped>
          <failedSince>0</failedSince>
        </case>
        <case>
          <duration>0.004</duration>
          <className>com.edurekademo.utilities.TestGenericComparator</className>
          <testName>testSortEmpNameDescNewComparator3Element</testName>
          <skipped>false</skipped>
          <failedSince>0</failedSince>
        </case>
      </cases>
    </suite>
    <suite>
      <file>/var/lib/jenkins/workspace/0.ApplicationGroovyPipeLine/target/surefire-reports/TEST-com.edurekademo.utilities.TestHexAsciiConversion.xml</file>
      <name>com.edurekademo.utilities.TestHexAsciiConversion</name>
      <duration>0.026</duration>
      <time>0.026</time>
      <nodeId>37</nodeId>
      <enclosingBlocks>
        <string>32</string>
      </enclosingBlocks>
      <enclosingBlockNames>
        <string>Test</string>
      </enclosingBlockNames>
      <cases>
        <case>
          <duration>0.002</duration>
          <className>com.edurekademo.utilities.TestHexAsciiConversion</className>
          <testName>testAsciiToHexNull</testName>
          <skipped>false</skipped>
          <failedSince>0</failedSince>
        </case>
        <case>
          <duration>0.001</duration>
          <className>com.edurekademo.utilities.TestHexAsciiConversion</className>
          <testName>testHextoAsciiNull</testName>
          <skipped>false</skipped>
          <failedSince>0</failedSince>
        </case>
        <case>
          <duration>0.007</duration>
          <className>com.edurekademo.utilities.TestHexAsciiConversion</className>
          <testName>testAsciiToHexValid</testName>
          <skipped>false</skipped>
          <failedSince>0</failedSince>
        </case>
        <case>
          <duration>0.001</duration>
          <className>com.edurekademo.utilities.TestHexAsciiConversion</className>
          <testName>testHexToAsciiValid</testName>
          <skipped>false</skipped>
          <failedSince>0</failedSince>
        </case>
      </cases>
    </suite>
    <suite>
      <file>/var/lib/jenkins/workspace/0.ApplicationGroovyPipeLine/target/surefire-reports/TEST-com.edurekademo.utilities.TestLogger.xml</file>
      <name>com.edurekademo.utilities.TestLogger</name>
      <duration>0.213</duration>
      <time>0.213</time>
      <nodeId>37</nodeId>
      <enclosingBlocks>
        <string>32</string>
      </enclosingBlocks>
      <enclosingBlockNames>
        <string>Test</string>
      </enclosingBlockNames>
      <cases>
        <case>
          <duration>0.209</duration>
          <className>com.edurekademo.utilities.TestLogger</className>
          <testName>testGetErrorMessage1</testName>
          <skipped>false</skipped>
          <failedSince>0</failedSince>
        </case>
        <case>
          <duration>0.209</duration>
          <className>com.edurekademo.utilities.TestLogger</className>
          <testName>testGetErrorMessage4</testName>
          <skipped>false</skipped>
          <failedSince>0</failedSince>
        </case>
        <case>
          <duration>0.209</duration>
          <className>com.edurekademo.utilities.TestLogger</className>
          <testName>testGetErrorMessage3</testName>
          <skipped>false</skipped>
          <failedSince>0</failedSince>
        </case>
        <case>
          <duration>0.209</duration>
          <className>com.edurekademo.utilities.TestLogger</className>
          <testName>testGetErrorMessage2</testName>
          <skipped>false</skipped>
          <failedSince>0</failedSince>
        </case>
        <case>
          <duration>0.212</duration>
          <className>com.edurekademo.utilities.TestLogger</className>
          <testName>testGetErrorMessage5</testName>
          <skipped>false</skipped>
          <failedSince>0</failedSince>
        </case>
      </cases>
    </suite>
    <suite>
      <file>/var/lib/jenkins/workspace/0.ApplicationGroovyPipeLine/target/surefire-reports/TEST-com.edurekademo.utilities.TestGenericComparator.xml</file>
      <name>com.edurekademo.utilities.TestGenericComparator</name>
      <duration>0.061</duration>
      <time>0.061</time>
      <nodeId>47</nodeId>
      <enclosingBlocks>
        <string>42</string>
      </enclosingBlocks>
      <enclosingBlockNames>
        <string>Metrics</string>
      </enclosingBlockNames>
      <cases>
        <case>
          <duration>0.023</duration>
          <className>com.edurekademo.utilities.TestGenericComparator</className>
          <testName>testSortEmpNameAscNewComparator3Element</testName>
          <skipped>false</skipped>
          <failedSince>0</failedSince>
        </case>
        <case>
          <duration>0.0</duration>
          <className>com.edurekademo.utilities.TestGenericComparator</className>
          <testName>testSortEmpNameDescNewComparator3Element</testName>
          <skipped>false</skipped>
          <failedSince>0</failedSince>
        </case>
        <case>
          <duration>0.021</duration>
          <className>com.edurekademo.utilities.TestGenericComparator</className>
          <testName>testSortEmpNameDesc</testName>
          <skipped>false</skipped>
          <failedSince>0</failedSince>
        </case>
        <case>
          <duration>0.0</duration>
          <className>com.edurekademo.utilities.TestGenericComparator</className>
          <testName>testSortEmpNameAsc</testName>
          <skipped>false</skipped>
          <failedSince>0</failedSince>
        </case>
        <case>
          <duration>0.001</duration>
          <className>com.edurekademo.utilities.TestGenericComparator</className>
          <testName>testSortEmpIDDesc</testName>
          <skipped>false</skipped>
          <failedSince>0</failedSince>
        </case>
        <case>
          <duration>0.001</duration>
          <className>com.edurekademo.utilities.TestGenericComparator</className>
          <testName>testSortEmpSpareAsc</testName>
          <skipped>false</skipped>
          <failedSince>0</failedSince>
        </case>
        <case>
          <duration>0.001</duration>
          <className>com.edurekademo.utilities.TestGenericComparator</className>
          <testName>testSortEmpSpareDesc</testName>
          <skipped>false</skipped>
          <failedSince>0</failedSince>
        </case>
        <case>
          <duration>0.001</duration>
          <className>com.edurekademo.utilities.TestGenericComparator</className>
          <testName>testSortEmpIDAsc</testName>
          <skipped>false</skipped>
          <failedSince>0</failedSince>
        </case>
        <case>
          <duration>0.001</duration>
          <className>com.edurekademo.utilities.TestGenericComparator</className>
          <testName>testSortEmpSpareDesc2</testName>
          <skipped>false</skipped>
          <failedSince>0</failedSince>
        </case>
        <case>
          <duration>0.0</duration>
          <className>com.edurekademo.utilities.TestGenericComparator</className>
          <testName>testSortEmpSpareAsc2</testName>
          <skipped>false</skipped>
          <failedSince>0</failedSince>
        </case>
        <case>
          <duration>0.001</duration>
          <className>com.edurekademo.utilities.TestGenericComparator</className>
          <testName>testSortEmpSpare2StringAsc</testName>
          <skipped>false</skipped>
          <failedSince>0</failedSince>
        </case>
        <case>
          <duration>0.0</duration>
          <className>com.edurekademo.utilities.TestGenericComparator</className>
          <testName>testSortEmpSpare2StringDesc</testName>
          <skipped>false</skipped>
          <failedSince>0</failedSince>
        </case>
        <case>
          <duration>0.001</duration>
          <className>com.edurekademo.utilities.TestGenericComparator</className>
          <testName>testSortEmpNameAscNewComparator</testName>
          <skipped>false</skipped>
          <failedSince>0</failedSince>
        </case>
        <case>
          <duration>0.0</duration>
          <className>com.edurekademo.utilities.TestGenericComparator</className>
          <testName>testDoubleSort</testName>
          <skipped>false</skipped>
          <failedSince>0</failedSince>
        </case>
      </cases>
    </suite>
    <suite>
      <file>/var/lib/jenkins/workspace/0.ApplicationGroovyPipeLine/target/surefire-reports/TEST-com.edurekademo.utilities.TestHexAsciiConversion.xml</file>
      <name>com.edurekademo.utilities.TestHexAsciiConversion</name>
      <duration>0.09</duration>
      <time>0.09</time>
      <nodeId>47</nodeId>
      <enclosingBlocks>
        <string>42</string>
      </enclosingBlocks>
      <enclosingBlockNames>
        <string>Metrics</string>
      </enclosingBlockNames>
      <cases>
        <case>
          <duration>0.09</duration>
          <className>com.edurekademo.utilities.TestHexAsciiConversion</className>
          <testName>testAsciiToHexNull</testName>
          <skipped>false</skipped>
          <failedSince>0</failedSince>
        </case>
        <case>
          <duration>0.064</duration>
          <className>com.edurekademo.utilities.TestHexAsciiConversion</className>
          <testName>testHexToAsciiValid</testName>
          <skipped>false</skipped>
          <failedSince>0</failedSince>
        </case>
        <case>
          <duration>0.043</duration>
          <className>com.edurekademo.utilities.TestHexAsciiConversion</className>
          <testName>testAsciiToHexValid</testName>
          <skipped>false</skipped>
          <failedSince>0</failedSince>
        </case>
        <case>
          <duration>0.043</duration>
          <className>com.edurekademo.utilities.TestHexAsciiConversion</className>
          <testName>testHextoAsciiNull</testName>
          <skipped>false</skipped>
          <failedSince>0</failedSince>
        </case>
      </cases>
    </suite>
    <suite>
      <file>/var/lib/jenkins/workspace/0.ApplicationGroovyPipeLine/target/surefire-reports/TEST-com.edurekademo.utilities.TestLogger.xml</file>
      <name>com.edurekademo.utilities.TestLogger</name>
      <duration>0.061</duration>
      <time>0.061</time>
      <nodeId>47</nodeId>
      <enclosingBlocks>
        <string>42</string>
      </enclosingBlocks>
      <enclosingBlockNames>
        <string>Metrics</string>
      </enclosingBlockNames>
      <cases>
        <case>
          <duration>0.044</duration>
          <className>com.edurekademo.utilities.TestLogger</className>
          <testName>testGetErrorMessage1</testName>
          <skipped>false</skipped>
          <failedSince>0</failedSince>
        </case>
        <case>
          <duration>0.033</duration>
          <className>com.edurekademo.utilities.TestLogger</className>
          <testName>testGetErrorMessage2</testName>
          <skipped>false</skipped>
          <failedSince>0</failedSince>
        </case>
        <case>
          <duration>0.018</duration>
          <className>com.edurekademo.utilities.TestLogger</className>
          <testName>testGetErrorMessage3</testName>
          <skipped>false</skipped>
          <failedSince>0</failedSince>
        </case>
        <case>
          <duration>0.006</duration>
          <className>com.edurekademo.utilities.TestLogger</className>
          <testName>testGetErrorMessage5</testName>
          <skipped>false</skipped>
          <failedSince>0</failedSince>
        </case>
        <case>
          <duration>0.001</duration>
          <className>com.edurekademo.utilities.TestLogger</className>
          <testName>testGetErrorMessage4</testName>
          <skipped>false</skipped>
          <failedSince>0</failedSince>
        </case>
      </cases>
    </suite>
    <suite>
      <file>/var/lib/jenkins/workspace/0.ApplicationGroovyPipeLine/target/surefire-reports/TEST-com.edurekademo.utilities.TestGenericComparator.xml</file>
      <name>com.edurekademo.utilities.TestGenericComparator</name>
      <duration>0.078</duration>
      <time>0.078</time>
      <nodeId>56</nodeId>
      <enclosingBlocks>
        <string>52</string>
      </enclosingBlocks>
      <enclosingBlockNames>
        <string>Package</string>
      </enclosingBlockNames>
      <cases>
        <case>
          <duration>0.015</duration>
          <className>com.edurekademo.utilities.TestGenericComparator</className>
          <testName>testSortEmpIDAsc</testName>
          <skipped>false</skipped>
          <failedSince>0</failedSince>
        </case>
        <case>
          <duration>0.027</duration>
          <className>com.edurekademo.utilities.TestGenericComparator</className>
          <testName>testSortEmpSpareAsc</testName>
          <skipped>false</skipped>
          <failedSince>0</failedSince>
        </case>
        <case>
          <duration>0.0</duration>
          <className>com.edurekademo.utilities.TestGenericComparator</className>
          <testName>testSortEmpSpareDesc</testName>
          <skipped>false</skipped>
          <failedSince>0</failedSince>
        </case>
        <case>
          <duration>0.004</duration>
          <className>com.edurekademo.utilities.TestGenericComparator</className>
          <testName>testSortEmpSpareDesc2</testName>
          <skipped>false</skipped>
          <failedSince>0</failedSince>
        </case>
        <case>
          <duration>0.0</duration>
          <className>com.edurekademo.utilities.TestGenericComparator</className>
          <testName>testSortEmpSpareAsc2</testName>
          <skipped>false</skipped>
          <failedSince>0</failedSince>
        </case>
        <case>
          <duration>0.001</duration>
          <className>com.edurekademo.utilities.TestGenericComparator</className>
          <testName>testSortEmpSpare2StringAsc</testName>
          <skipped>false</skipped>
          <failedSince>0</failedSince>
        </case>
        <case>
          <duration>0.0</duration>
          <className>com.edurekademo.utilities.TestGenericComparator</className>
          <testName>testSortEmpSpare2StringDesc</testName>
          <skipped>false</skipped>
          <failedSince>0</failedSince>
        </case>
        <case>
          <duration>0.002</duration>
          <className>com.edurekademo.utilities.TestGenericComparator</className>
          <testName>testSortEmpNameAscNewComparator</testName>
          <skipped>false</skipped>
          <failedSince>0</failedSince>
        </case>
        <case>
          <duration>0.001</duration>
          <className>com.edurekademo.utilities.TestGenericComparator</className>
          <testName>testDoubleSort</testName>
          <skipped>false</skipped>
          <failedSince>0</failedSince>
        </case>
        <case>
          <duration>0.013</duration>
          <className>com.edurekademo.utilities.TestGenericComparator</className>
          <testName>testSortEmpNameAsc</testName>
          <skipped>false</skipped>
          <failedSince>0</failedSince>
        </case>
        <case>
          <duration>0.0</duration>
          <className>com.edurekademo.utilities.TestGenericComparator</className>
          <testName>testSortEmpNameDesc</testName>
          <skipped>false</skipped>
          <failedSince>0</failedSince>
        </case>
        <case>
          <duration>0.0</duration>
          <className>com.edurekademo.utilities.TestGenericComparator</className>
          <testName>testSortEmpIDDesc</testName>
          <skipped>false</skipped>
          <failedSince>0</failedSince>
        </case>
        <case>
          <duration>0.001</duration>
          <className>com.edurekademo.utilities.TestGenericComparator</className>
          <testName>testSortEmpNameDescNewComparator3Element</testName>
          <skipped>false</skipped>
          <failedSince>0</failedSince>
        </case>
        <case>
          <duration>0.0</duration>
          <className>com.edurekademo.utilities.TestGenericComparator</className>
          <testName>testSortEmpNameAscNewComparator3Element</testName>
          <skipped>false</skipped>
          <failedSince>0</failedSince>
        </case>
      </cases>
    </suite>
    <suite>
      <file>/var/lib/jenkins/workspace/0.ApplicationGroovyPipeLine/target/surefire-reports/TEST-com.edurekademo.utilities.TestHexAsciiConversion.xml</file>
      <name>com.edurekademo.utilities.TestHexAsciiConversion</name>
      <duration>0.015</duration>
      <time>0.015</time>
      <nodeId>56</nodeId>
      <enclosingBlocks>
        <string>52</string>
      </enclosingBlocks>
      <enclosingBlockNames>
        <string>Package</string>
      </enclosingBlockNames>
      <cases>
        <case>
          <duration>0.015</duration>
          <className>com.edurekademo.utilities.TestHexAsciiConversion</className>
          <testName>testHextoAsciiNull</testName>
          <skipped>false</skipped>
          <failedSince>0</failedSince>
        </case>
        <case>
          <duration>0.003</duration>
          <className>com.edurekademo.utilities.TestHexAsciiConversion</className>
          <testName>testAsciiToHexNull</testName>
          <skipped>false</skipped>
          <failedSince>0</failedSince>
        </case>
        <case>
          <duration>0.004</duration>
          <className>com.edurekademo.utilities.TestHexAsciiConversion</className>
          <testName>testAsciiToHexValid</testName>
          <skipped>false</skipped>
          <failedSince>0</failedSince>
        </case>
        <case>
          <duration>0.014</duration>
          <className>com.edurekademo.utilities.TestHexAsciiConversion</className>
          <testName>testHexToAsciiValid</testName>
          <skipped>false</skipped>
          <failedSince>0</failedSince>
        </case>
      </cases>
    </suite>
    <suite>
      <file>/var/lib/jenkins/workspace/0.ApplicationGroovyPipeLine/target/surefire-reports/TEST-com.edurekademo.utilities.TestLogger.xml</file>
      <name>com.edurekademo.utilities.TestLogger</name>
      <duration>0.066</duration>
      <time>0.066</time>
      <nodeId>56</nodeId>
      <enclosingBlocks>
        <string>52</string>
      </enclosingBlocks>
      <enclosingBlockNames>
        <string>Package</string>
      </enclosingBlockNames>
      <cases>
        <case>
          <duration>0.065</duration>
          <className>com.edurekademo.utilities.TestLogger</className>
          <testName>testGetErrorMessage1</testName>
          <skipped>false</skipped>
          <failedSince>0</failedSince>
        </case>
        <case>
          <duration>0.036</duration>
          <className>com.edurekademo.utilities.TestLogger</className>
          <testName>testGetErrorMessage2</testName>
          <skipped>false</skipped>
          <failedSince>0</failedSince>
        </case>
        <case>
          <duration>0.027</duration>
          <className>com.edurekademo.utilities.TestLogger</className>
          <testName>testGetErrorMessage3</testName>
          <skipped>false</skipped>
          <failedSince>0</failedSince>
        </case>
        <case>
          <duration>0.011</duration>
          <className>com.edurekademo.utilities.TestLogger</className>
          <testName>testGetErrorMessage4</testName>
          <skipped>false</skipped>
          <failedSince>0</failedSince>
        </case>
        <case>
          <duration>0.003</duration>
          <className>com.edurekademo.utilities.TestLogger</className>
          <testName>testGetErrorMessage5</testName>
          <skipped>false</skipped>
          <failedSince>0</failedSince>
        </case>
      </cases>
    </suite>
  </suites>
  <duration>1.003</duration>
  <keepLongStdio>false</keepLongStdio>
</result>