<?xml version='1.1' encoding='UTF-8'?>
<result plugin="junit@1.28">
  <suites>
    <suite>
      <file>/var/lib/jenkins/workspace/0.Jenkins_FullPipeLine/gameoflife-web/target/surefire-reports/TEST-com.wakaleo.gameoflife.webtests.controllers.WhenCreatingANewGame.xml</file>
      <name>com.wakaleo.gameoflife.webtests.controllers.WhenCreatingANewGame</name>
      <duration>0.096</duration>
      <time>0.096</time>
      <nodeId>36</nodeId>
      <enclosingBlocks>
        <string>32</string>
      </enclosingBlocks>
      <enclosingBlockNames>
        <string>Test</string>
      </enclosingBlockNames>
      <cases>
        <case>
          <duration>0.016</duration>
          <className>com.wakaleo.gameoflife.webtests.controllers.WhenCreatingANewGame</className>
          <testName>anEmptyUniverseShouldBeAddedToTheSession</testName>
          <skipped>false</skipped>
          <failedSince>0</failedSince>
        </case>
        <case>
          <duration>0.031</duration>
          <className>com.wakaleo.gameoflife.webtests.controllers.WhenCreatingANewGame</className>
          <testName>whenTheUserCreatesTheFirstGenerationAnEmptyUniverseShouldBeAddedToTheSession</testName>
          <skipped>false</skipped>
          <failedSince>0</failedSince>
        </case>
        <case>
          <duration>0.044</duration>
          <className>com.wakaleo.gameoflife.webtests.controllers.WhenCreatingANewGame</className>
          <testName>whenTheUserCreatesTheFirstGenerationTheUniverseDimensionsShouldBeAddedToTheSession</testName>
          <skipped>false</skipped>
          <failedSince>0</failedSince>
        </case>
      </cases>
    </suite>
    <suite>
      <file>/var/lib/jenkins/workspace/0.Jenkins_FullPipeLine/gameoflife-web/target/surefire-reports/TEST-com.wakaleo.gameoflife.webtests.controllers.WhenDisplayingTheHomePage.xml</file>
      <name>com.wakaleo.gameoflife.webtests.controllers.WhenDisplayingTheHomePage</name>
      <duration>0.001</duration>
      <time>0.001</time>
      <nodeId>36</nodeId>
      <enclosingBlocks>
        <string>32</string>
      </enclosingBlocks>
      <enclosingBlockNames>
        <string>Test</string>
      </enclosingBlockNames>
      <cases>
        <case>
          <duration>0.0</duration>
          <className>com.wakaleo.gameoflife.webtests.controllers.WhenDisplayingTheHomePage</className>
          <testName>theHomeUrlShouldDisplayTheHomePage</testName>
          <skipped>false</skipped>
          <failedSince>0</failedSince>
        </case>
        <case>
          <duration>0.0</duration>
          <className>com.wakaleo.gameoflife.webtests.controllers.WhenDisplayingTheHomePage</className>
          <testName>theIndexUrlShouldDisplayTheHomePage</testName>
          <skipped>false</skipped>
          <failedSince>0</failedSince>
        </case>
      </cases>
    </suite>
    <suite>
      <file>/var/lib/jenkins/workspace/0.Jenkins_FullPipeLine/gameoflife-web/target/surefire-reports/TEST-com.wakaleo.gameoflife.webtests.controllers.WhenSpawningANewGeneration.xml</file>
      <name>com.wakaleo.gameoflife.webtests.controllers.WhenSpawningANewGeneration</name>
      <duration>1.571</duration>
      <time>1.571</time>
      <nodeId>36</nodeId>
      <enclosingBlocks>
        <string>32</string>
      </enclosingBlocks>
      <enclosingBlockNames>
        <string>Test</string>
      </enclosingBlockNames>
      <cases>
        <case>
          <duration>0.067</duration>
          <className>com.wakaleo.gameoflife.webtests.controllers.WhenSpawningANewGeneration</className>
          <testName>theIndexUrlShouldDisplayTheHomePage</testName>
          <skipped>false</skipped>
          <failedSince>0</failedSince>
        </case>
        <case>
          <duration>1.284</duration>
          <className>com.wakaleo.gameoflife.webtests.controllers.WhenSpawningANewGeneration</className>
          <testName>whenGeneratingTheNextGenerationAnUpdatedUniverseShouldBeProduced</testName>
          <skipped>false</skipped>
          <failedSince>0</failedSince>
        </case>
      </cases>
    </suite>
    <suite>
      <file>/var/lib/jenkins/workspace/0.Jenkins_FullPipeLine/gameoflife-core/target/surefire-reports/TEST-behavior.CountingThings.xml</file>
      <name>behavior.CountingThings</name>
      <duration>0.204</duration>
      <time>0.204</time>
      <nodeId>37</nodeId>
      <enclosingBlocks>
        <string>32</string>
      </enclosingBlocks>
      <enclosingBlockNames>
        <string>Test</string>
      </enclosingBlockNames>
      <cases>
        <case>
          <duration>0.135</duration>
          <className>behavior.CountingThings</className>
          <testName>Adding two integers</testName>
          <skipped>false</skipped>
          <failedSince>0</failedSince>
        </case>
      </cases>
    </suite>
    <suite>
      <file>/var/lib/jenkins/workspace/0.Jenkins_FullPipeLine/gameoflife-core/target/surefire-reports/TEST-behavior.MultiplyingThings.xml</file>
      <name>behavior.MultiplyingThings</name>
      <duration>4.203</duration>
      <time>4.203</time>
      <nodeId>37</nodeId>
      <enclosingBlocks>
        <string>32</string>
      </enclosingBlocks>
      <enclosingBlockNames>
        <string>Test</string>
      </enclosingBlockNames>
      <cases>
        <case>
          <duration>0.253</duration>
          <className>behavior.MultiplyingThings</className>
          <testName>Adding two integers</testName>
          <skipped>true</skipped>
          <skippedMessage></skippedMessage>
          <failedSince>0</failedSince>
        </case>
      </cases>
    </suite>
    <suite>
      <file>/var/lib/jenkins/workspace/0.Jenkins_FullPipeLine/gameoflife-core/target/surefire-reports/TEST-com.wakaleo.gameoflife.domain.WhenYouCreateACell.xml</file>
      <name>com.wakaleo.gameoflife.domain.WhenYouCreateACell</name>
      <duration>0.003</duration>
      <time>0.003</time>
      <nodeId>37</nodeId>
      <enclosingBlocks>
        <string>32</string>
      </enclosingBlocks>
      <enclosingBlockNames>
        <string>Test</string>
      </enclosingBlockNames>
      <cases>
        <case>
          <duration>0.0</duration>
          <className>com.wakaleo.gameoflife.domain.WhenYouCreateACell</className>
          <testName>aDeadCellShouldBePrintedAsADot</testName>
          <skipped>false</skipped>
          <failedSince>0</failedSince>
        </case>
        <case>
          <duration>0.0</duration>
          <className>com.wakaleo.gameoflife.domain.WhenYouCreateACell</className>
          <testName>aLiveCellShouldBePrintedAsAnAsterisk</testName>
          <skipped>false</skipped>
          <failedSince>0</failedSince>
        </case>
        <case>
          <duration>0.0</duration>
          <className>com.wakaleo.gameoflife.domain.WhenYouCreateACell</className>
          <testName>aLiveCellSymbolShouldBeAnAsterisk</testName>
          <skipped>false</skipped>
          <failedSince>0</failedSince>
        </case>
        <case>
          <duration>0.0</duration>
          <className>com.wakaleo.gameoflife.domain.WhenYouCreateACell</className>
          <testName>aDeadCellShouldBeRepresentedByADot</testName>
          <skipped>false</skipped>
          <failedSince>0</failedSince>
        </case>
        <case>
          <duration>0.0</duration>
          <className>com.wakaleo.gameoflife.domain.WhenYouCreateACell</className>
          <testName>aDeadCellSymbolShouldBeADot</testName>
          <skipped>false</skipped>
          <failedSince>0</failedSince>
        </case>
        <case>
          <duration>0.0</duration>
          <className>com.wakaleo.gameoflife.domain.WhenYouCreateACell</className>
          <testName>aLiveCellShouldBeRepresentedByAnAsterisk</testName>
          <skipped>false</skipped>
          <failedSince>0</failedSince>
        </case>
      </cases>
    </suite>
    <suite>
      <file>/var/lib/jenkins/workspace/0.Jenkins_FullPipeLine/gameoflife-core/target/surefire-reports/TEST-com.wakaleo.gameoflife.domain.WhenYouCreateAGrid.xml</file>
      <name>com.wakaleo.gameoflife.domain.WhenYouCreateAGrid</name>
      <duration>0.037</duration>
      <time>0.037</time>
      <nodeId>37</nodeId>
      <enclosingBlocks>
        <string>32</string>
      </enclosingBlocks>
      <enclosingBlockNames>
        <string>Test</string>
      </enclosingBlockNames>
      <cases>
        <case>
          <duration>0.005</duration>
          <className>com.wakaleo.gameoflife.domain.WhenYouCreateAGrid</className>
          <testName>shouldBeAbleToCountLiveNeighboursOfACell</testName>
          <skipped>false</skipped>
          <failedSince>0</failedSince>
        </case>
        <case>
          <duration>0.0</duration>
          <className>com.wakaleo.gameoflife.domain.WhenYouCreateAGrid</className>
          <testName>shouldBeAbleToReadTheStateOfADeadCell</testName>
          <skipped>false</skipped>
          <failedSince>0</failedSince>
        </case>
        <case>
          <duration>0.0</duration>
          <className>com.wakaleo.gameoflife.domain.WhenYouCreateAGrid</className>
          <testName>theGridContentsAsAnArrayShouldBeTheCorrectSize</testName>
          <skipped>false</skipped>
          <failedSince>0</failedSince>
        </case>
        <case>
          <duration>0.0</duration>
          <className>com.wakaleo.gameoflife.domain.WhenYouCreateAGrid</className>
          <testName>shouldBeAbleToSeedAGridWithAString</testName>
          <skipped>false</skipped>
          <failedSince>0</failedSince>
        </case>
        <case>
          <duration>0.0</duration>
          <className>com.wakaleo.gameoflife.domain.WhenYouCreateAGrid</className>
          <testName>shouldBeAbleToSeedAGridWithANonEmptyString</testName>
          <skipped>false</skipped>
          <failedSince>0</failedSince>
        </case>
        <case>
          <duration>0.0</duration>
          <className>com.wakaleo.gameoflife.domain.WhenYouCreateAGrid</className>
          <testName>aNewGridShouldBeEmpty</testName>
          <skipped>false</skipped>
          <failedSince>0</failedSince>
        </case>
        <case>
          <duration>0.0</duration>
          <className>com.wakaleo.gameoflife.domain.WhenYouCreateAGrid</className>
          <testName>shouldBeAbleToReadTheWidthOfTheGrid</testName>
          <skipped>false</skipped>
          <failedSince>0</failedSince>
        </case>
        <case>
          <duration>0.004</duration>
          <className>com.wakaleo.gameoflife.domain.WhenYouCreateAGrid</className>
          <testName>shouldBeAbleToCountLiveNeighboursOfACellOnBoundaries</testName>
          <skipped>false</skipped>
          <failedSince>0</failedSince>
        </case>
        <case>
          <duration>0.0</duration>
          <className>com.wakaleo.gameoflife.domain.WhenYouCreateAGrid</className>
          <testName>ModifyingTheGridContentsAsAnArrayShouldNotModifyTheOriginalContents</testName>
          <skipped>false</skipped>
          <failedSince>0</failedSince>
        </case>
        <case>
          <duration>0.0</duration>
          <className>com.wakaleo.gameoflife.domain.WhenYouCreateAGrid</className>
          <testName>shouldNotCountTheTargetCellAsANeighbour</testName>
          <skipped>false</skipped>
          <failedSince>0</failedSince>
        </case>
        <case>
          <duration>0.0</duration>
          <className>com.wakaleo.gameoflife.domain.WhenYouCreateAGrid</className>
          <testName>shouldBeAbleToReadTheStateOfALivingCell</testName>
          <skipped>false</skipped>
          <failedSince>0</failedSince>
        </case>
        <case>
          <duration>0.0</duration>
          <className>com.wakaleo.gameoflife.domain.WhenYouCreateAGrid</className>
          <testName>shouldBeAbleToReadTheHeightOfTheGrid</testName>
          <skipped>false</skipped>
          <failedSince>0</failedSince>
        </case>
        <case>
          <duration>0.0</duration>
          <className>com.wakaleo.gameoflife.domain.WhenYouCreateAGrid</className>
          <testName>shouldBeAbleToCountLiveNeighboursOfACellInTheMiddleOfTheGrid</testName>
          <skipped>false</skipped>
          <failedSince>0</failedSince>
        </case>
        <case>
          <duration>0.0</duration>
          <className>com.wakaleo.gameoflife.domain.WhenYouCreateAGrid</className>
          <testName>shouldBeAbleToCountLiveNeighboursOfACellOnDiagonalsAndStraightLines</testName>
          <skipped>false</skipped>
          <failedSince>0</failedSince>
        </case>
        <case>
          <duration>0.0</duration>
          <className>com.wakaleo.gameoflife.domain.WhenYouCreateAGrid</className>
          <testName>shouldBeAbleToObtainTheGridContentsAsAnArray</testName>
          <skipped>false</skipped>
          <failedSince>0</failedSince>
        </case>
        <case>
          <duration>0.0</duration>
          <className>com.wakaleo.gameoflife.domain.WhenYouCreateAGrid</className>
          <testName>shouldBeAbleToCountLiveNeighboursOfACellOnAnotherLine</testName>
          <skipped>false</skipped>
          <failedSince>0</failedSince>
        </case>
      </cases>
    </suite>
    <suite>
      <file>/var/lib/jenkins/workspace/0.Jenkins_FullPipeLine/gameoflife-core/target/surefire-reports/TEST-com.wakaleo.gameoflife.domain.WhenYouCreateANewUniverse.xml</file>
      <name>com.wakaleo.gameoflife.domain.WhenYouCreateANewUniverse</name>
      <duration>0.0</duration>
      <time>0</time>
      <nodeId>37</nodeId>
      <enclosingBlocks>
        <string>32</string>
      </enclosingBlocks>
      <enclosingBlockNames>
        <string>Test</string>
      </enclosingBlockNames>
      <cases>
        <case>
          <duration>0.0</duration>
          <className>com.wakaleo.gameoflife.domain.WhenYouCreateANewUniverse</className>
          <testName>aUserCanAssignALiveCellAtAGivenPointInTheGrid</testName>
          <skipped>false</skipped>
          <failedSince>0</failedSince>
        </case>
        <case>
          <duration>0.0</duration>
          <className>com.wakaleo.gameoflife.domain.WhenYouCreateANewUniverse</className>
          <testName>aUniverseCanBeInitializedWithAnyDimension</testName>
          <skipped>false</skipped>
          <failedSince>0</failedSince>
        </case>
        <case>
          <duration>0.0</duration>
          <className>com.wakaleo.gameoflife.domain.WhenYouCreateANewUniverse</className>
          <testName>aUniverseSeededWithAnEmpyGridContentWillContainAnEmptyGrid</testName>
          <skipped>false</skipped>
          <failedSince>0</failedSince>
        </case>
        <case>
          <duration>0.0</duration>
          <className>com.wakaleo.gameoflife.domain.WhenYouCreateANewUniverse</className>
          <testName>aUserCanReadADeadCellValueAtAGivenPointInTheGrid</testName>
          <skipped>false</skipped>
          <failedSince>0</failedSince>
        </case>
        <case>
          <duration>0.0</duration>
          <className>com.wakaleo.gameoflife.domain.WhenYouCreateANewUniverse</className>
          <testName>aUserCanObtainTheGridContentsAsAnArrayOfCells</testName>
          <skipped>false</skipped>
          <failedSince>0</failedSince>
        </case>
        <case>
          <duration>0.0</duration>
          <className>com.wakaleo.gameoflife.domain.WhenYouCreateANewUniverse</className>
          <testName>aUserCanReadALiveCellValueAtAGivenPointInTheGrid</testName>
          <skipped>false</skipped>
          <failedSince>0</failedSince>
        </case>
        <case>
          <duration>0.0</duration>
          <className>com.wakaleo.gameoflife.domain.WhenYouCreateANewUniverse</className>
          <testName>aUserCanAssignADeadCellAtAGivenPointInTheGrid</testName>
          <skipped>false</skipped>
          <failedSince>0</failedSince>
        </case>
        <case>
          <duration>0.0</duration>
          <className>com.wakaleo.gameoflife.domain.WhenYouCreateANewUniverse</className>
          <testName>aUniverseSeededWithAGridContainingASingleLiveCellContentWillSpawnAnEmptyGrid</testName>
          <skipped>false</skipped>
          <failedSince>0</failedSince>
        </case>
        <case>
          <duration>0.0</duration>
          <className>com.wakaleo.gameoflife.domain.WhenYouCreateANewUniverse</className>
          <testName>aUniverseSeededWithAGridWithLivingCellsContentWillContainThatGrid</testName>
          <skipped>false</skipped>
          <failedSince>0</failedSince>
        </case>
        <case>
          <duration>0.0</duration>
          <className>com.wakaleo.gameoflife.domain.WhenYouCreateANewUniverse</className>
          <testName>aUniverseSpawnsANewGridInTheNextGeneration</testName>
          <skipped>false</skipped>
          <failedSince>0</failedSince>
        </case>
        <case>
          <duration>0.0</duration>
          <className>com.wakaleo.gameoflife.domain.WhenYouCreateANewUniverse</className>
          <testName>aNewUniverseShouldContainOnlyDeadCells</testName>
          <skipped>false</skipped>
          <failedSince>0</failedSince>
        </case>
      </cases>
    </suite>
    <suite>
      <file>/var/lib/jenkins/workspace/0.Jenkins_FullPipeLine/gameoflife-core/target/surefire-reports/TEST-com.wakaleo.gameoflife.domain.WhenYouPlayTheGameOfLife.xml</file>
      <name>com.wakaleo.gameoflife.domain.WhenYouPlayTheGameOfLife</name>
      <duration>0.014</duration>
      <time>0.014</time>
      <nodeId>37</nodeId>
      <enclosingBlocks>
        <string>32</string>
      </enclosingBlocks>
      <enclosingBlockNames>
        <string>Test</string>
      </enclosingBlockNames>
      <cases>
        <case>
          <duration>0.001</duration>
          <className>com.wakaleo.gameoflife.domain.WhenYouPlayTheGameOfLife</className>
          <testName>aCellWithNoNeighboursShouldDieInTheNextGeneration</testName>
          <skipped>false</skipped>
          <failedSince>0</failedSince>
        </case>
        <case>
          <duration>0.0</duration>
          <className>com.wakaleo.gameoflife.domain.WhenYouPlayTheGameOfLife</className>
          <testName>liveCellaWith2or3iveNeighbourShouldRemainAliveInTheNextGeneration</testName>
          <skipped>false</skipped>
          <failedSince>0</failedSince>
        </case>
        <case>
          <duration>0.0</duration>
          <className>com.wakaleo.gameoflife.domain.WhenYouPlayTheGameOfLife</className>
          <testName>aDeadCellWithNoNeighboursShouldRemainDeadInTheNextGeneration</testName>
          <skipped>false</skipped>
          <failedSince>0</failedSince>
        </case>
        <case>
          <duration>0.0</duration>
          <className>com.wakaleo.gameoflife.domain.WhenYouPlayTheGameOfLife</className>
          <testName>aDeadCellWithOneLiveNeighbourShouldRemainDeadInTheNextGeneration</testName>
          <skipped>false</skipped>
          <failedSince>0</failedSince>
        </case>
        <case>
          <duration>0.002</duration>
          <className>com.wakaleo.gameoflife.domain.WhenYouPlayTheGameOfLife</className>
          <testName>aLiveCellWithExactlyTwoLiveNeighbourShouldRemainAliveInTheNextGeneration</testName>
          <skipped>false</skipped>
          <failedSince>0</failedSince>
        </case>
      </cases>
    </suite>
    <suite>
      <file>/var/lib/jenkins/workspace/0.Jenkins_FullPipeLine/gameoflife-core/target/surefire-reports/TEST-com.wakaleo.gameoflife.domain.WhenYouPrintAGrid.xml</file>
      <name>com.wakaleo.gameoflife.domain.WhenYouPrintAGrid</name>
      <duration>0.704</duration>
      <time>0.704</time>
      <nodeId>37</nodeId>
      <enclosingBlocks>
        <string>32</string>
      </enclosingBlocks>
      <enclosingBlockNames>
        <string>Test</string>
      </enclosingBlockNames>
      <cases>
        <case>
          <duration>0.015</duration>
          <className>com.wakaleo.gameoflife.domain.WhenYouPrintAGrid</className>
          <testName>shouldBeAbleToReadAStringGridContainingLiveAndDeadCells</testName>
          <skipped>false</skipped>
          <failedSince>0</failedSince>
        </case>
        <case>
          <duration>0.0</duration>
          <className>com.wakaleo.gameoflife.domain.WhenYouPrintAGrid</className>
          <testName>shouldBeAbleToReadALargeStringGridContainingLiveAndDeadCells</testName>
          <skipped>false</skipped>
          <failedSince>0</failedSince>
        </case>
        <case>
          <duration>0.0</duration>
          <className>com.wakaleo.gameoflife.domain.WhenYouPrintAGrid</className>
          <testName>shouldBeAbleToReadAGridOfCellsFromAString</testName>
          <skipped>false</skipped>
          <failedSince>0</failedSince>
        </case>
      </cases>
    </suite>
    <suite>
      <file>/var/lib/jenkins/workspace/0.Jenkins_FullPipeLine/gameoflife-core/target/surefire-reports/TEST-com.wakaleo.gameoflife.domain.WhenYouReadAGridFromAString.xml</file>
      <name>com.wakaleo.gameoflife.domain.WhenYouReadAGridFromAString</name>
      <duration>0.021</duration>
      <time>0.021</time>
      <nodeId>37</nodeId>
      <enclosingBlocks>
        <string>32</string>
      </enclosingBlocks>
      <enclosingBlockNames>
        <string>Test</string>
      </enclosingBlockNames>
      <cases>
        <case>
          <duration>0.0</duration>
          <className>com.wakaleo.gameoflife.domain.WhenYouReadAGridFromAString</className>
          <testName>shouldRefuseIllegalCellCharacters</testName>
          <skipped>false</skipped>
          <failedSince>0</failedSince>
        </case>
        <case>
          <duration>0.001</duration>
          <className>com.wakaleo.gameoflife.domain.WhenYouReadAGridFromAString</className>
          <testName>shouldBeAbleToReadAGridContainingLiveAndDeadCells</testName>
          <skipped>false</skipped>
          <failedSince>0</failedSince>
        </case>
        <case>
          <duration>0.0</duration>
          <className>com.wakaleo.gameoflife.domain.WhenYouReadAGridFromAString</className>
          <testName>shouldBeAbleToReadAnAsymetricalGridContainingLiveAndDeadCells</testName>
          <skipped>false</skipped>
          <failedSince>0</failedSince>
        </case>
        <case>
          <duration>0.001</duration>
          <className>com.wakaleo.gameoflife.domain.WhenYouReadAGridFromAString</className>
          <testName>shouldBeAbleToReadAVeryLargerGrid</testName>
          <skipped>false</skipped>
          <failedSince>0</failedSince>
        </case>
        <case>
          <duration>0.0</duration>
          <className>com.wakaleo.gameoflife.domain.WhenYouReadAGridFromAString</className>
          <testName>shouldBeAbleToReadALargerGrid</testName>
          <skipped>false</skipped>
          <failedSince>0</failedSince>
        </case>
        <case>
          <duration>0.0</duration>
          <className>com.wakaleo.gameoflife.domain.WhenYouReadAGridFromAString</className>
          <testName>shouldBeAbleToReadAGridContainingASingleCellFromAString</testName>
          <skipped>false</skipped>
          <failedSince>0</failedSince>
        </case>
        <case>
          <duration>0.002</duration>
          <className>com.wakaleo.gameoflife.domain.WhenYouReadAGridFromAString</className>
          <testName>shouldBeAbleToReadAGridOfCellsFromAString</testName>
          <skipped>false</skipped>
          <failedSince>0</failedSince>
        </case>
        <case>
          <duration>0.001</duration>
          <className>com.wakaleo.gameoflife.domain.WhenYouReadAGridFromAString</className>
          <testName>shouldBeAbleToReadAnEmptyGridOfCellsFromAnEmptyString</testName>
          <skipped>false</skipped>
          <failedSince>0</failedSince>
        </case>
      </cases>
    </suite>
    <suite>
      <file>/var/lib/jenkins/workspace/0.Jenkins_FullPipeLine/gameoflife-web/target/surefire-reports/TEST-com.wakaleo.gameoflife.webtests.controllers.WhenCreatingANewGame.xml</file>
      <name>com.wakaleo.gameoflife.webtests.controllers.WhenCreatingANewGame</name>
      <duration>0.096</duration>
      <time>0.096</time>
      <nodeId>37</nodeId>
      <enclosingBlocks>
        <string>32</string>
      </enclosingBlocks>
      <enclosingBlockNames>
        <string>Test</string>
      </enclosingBlockNames>
      <cases>
        <case>
          <duration>0.016</duration>
          <className>com.wakaleo.gameoflife.webtests.controllers.WhenCreatingANewGame</className>
          <testName>anEmptyUniverseShouldBeAddedToTheSession</testName>
          <skipped>false</skipped>
          <failedSince>0</failedSince>
        </case>
        <case>
          <duration>0.031</duration>
          <className>com.wakaleo.gameoflife.webtests.controllers.WhenCreatingANewGame</className>
          <testName>whenTheUserCreatesTheFirstGenerationAnEmptyUniverseShouldBeAddedToTheSession</testName>
          <skipped>false</skipped>
          <failedSince>0</failedSince>
        </case>
        <case>
          <duration>0.044</duration>
          <className>com.wakaleo.gameoflife.webtests.controllers.WhenCreatingANewGame</className>
          <testName>whenTheUserCreatesTheFirstGenerationTheUniverseDimensionsShouldBeAddedToTheSession</testName>
          <skipped>false</skipped>
          <failedSince>0</failedSince>
        </case>
      </cases>
    </suite>
    <suite>
      <file>/var/lib/jenkins/workspace/0.Jenkins_FullPipeLine/gameoflife-web/target/surefire-reports/TEST-com.wakaleo.gameoflife.webtests.controllers.WhenDisplayingTheHomePage.xml</file>
      <name>com.wakaleo.gameoflife.webtests.controllers.WhenDisplayingTheHomePage</name>
      <duration>0.001</duration>
      <time>0.001</time>
      <nodeId>37</nodeId>
      <enclosingBlocks>
        <string>32</string>
      </enclosingBlocks>
      <enclosingBlockNames>
        <string>Test</string>
      </enclosingBlockNames>
      <cases>
        <case>
          <duration>0.0</duration>
          <className>com.wakaleo.gameoflife.webtests.controllers.WhenDisplayingTheHomePage</className>
          <testName>theHomeUrlShouldDisplayTheHomePage</testName>
          <skipped>false</skipped>
          <failedSince>0</failedSince>
        </case>
        <case>
          <duration>0.0</duration>
          <className>com.wakaleo.gameoflife.webtests.controllers.WhenDisplayingTheHomePage</className>
          <testName>theIndexUrlShouldDisplayTheHomePage</testName>
          <skipped>false</skipped>
          <failedSince>0</failedSince>
        </case>
      </cases>
    </suite>
    <suite>
      <file>/var/lib/jenkins/workspace/0.Jenkins_FullPipeLine/gameoflife-web/target/surefire-reports/TEST-com.wakaleo.gameoflife.webtests.controllers.WhenSpawningANewGeneration.xml</file>
      <name>com.wakaleo.gameoflife.webtests.controllers.WhenSpawningANewGeneration</name>
      <duration>1.571</duration>
      <time>1.571</time>
      <nodeId>37</nodeId>
      <enclosingBlocks>
        <string>32</string>
      </enclosingBlocks>
      <enclosingBlockNames>
        <string>Test</string>
      </enclosingBlockNames>
      <cases>
        <case>
          <duration>0.067</duration>
          <className>com.wakaleo.gameoflife.webtests.controllers.WhenSpawningANewGeneration</className>
          <testName>theIndexUrlShouldDisplayTheHomePage</testName>
          <skipped>false</skipped>
          <failedSince>0</failedSince>
        </case>
        <case>
          <duration>1.284</duration>
          <className>com.wakaleo.gameoflife.webtests.controllers.WhenSpawningANewGeneration</className>
          <testName>whenGeneratingTheNextGenerationAnUpdatedUniverseShouldBeProduced</testName>
          <skipped>false</skipped>
          <failedSince>0</failedSince>
        </case>
      </cases>
    </suite>
    <suite>
      <file>/var/lib/jenkins/workspace/0.Jenkins_FullPipeLine/gameoflife-core/target/surefire-reports/TEST-behavior.CountingThings.xml</file>
      <name>behavior.CountingThings</name>
      <duration>0.204</duration>
      <time>0.204</time>
      <nodeId>47</nodeId>
      <enclosingBlocks>
        <string>42</string>
      </enclosingBlocks>
      <enclosingBlockNames>
        <string>Metrics</string>
      </enclosingBlockNames>
      <cases>
        <case>
          <duration>0.135</duration>
          <className>behavior.CountingThings</className>
          <testName>Adding two integers</testName>
          <skipped>false</skipped>
          <failedSince>0</failedSince>
        </case>
      </cases>
    </suite>
    <suite>
      <file>/var/lib/jenkins/workspace/0.Jenkins_FullPipeLine/gameoflife-core/target/surefire-reports/TEST-behavior.MultiplyingThings.xml</file>
      <name>behavior.MultiplyingThings</name>
      <duration>4.203</duration>
      <time>4.203</time>
      <nodeId>47</nodeId>
      <enclosingBlocks>
        <string>42</string>
      </enclosingBlocks>
      <enclosingBlockNames>
        <string>Metrics</string>
      </enclosingBlockNames>
      <cases>
        <case>
          <duration>0.253</duration>
          <className>behavior.MultiplyingThings</className>
          <testName>Adding two integers</testName>
          <skipped>true</skipped>
          <skippedMessage></skippedMessage>
          <failedSince>0</failedSince>
        </case>
      </cases>
    </suite>
    <suite>
      <file>/var/lib/jenkins/workspace/0.Jenkins_FullPipeLine/gameoflife-core/target/surefire-reports/TEST-com.wakaleo.gameoflife.domain.WhenYouCreateACell.xml</file>
      <name>com.wakaleo.gameoflife.domain.WhenYouCreateACell</name>
      <duration>0.003</duration>
      <time>0.003</time>
      <nodeId>47</nodeId>
      <enclosingBlocks>
        <string>42</string>
      </enclosingBlocks>
      <enclosingBlockNames>
        <string>Metrics</string>
      </enclosingBlockNames>
      <cases>
        <case>
          <duration>0.0</duration>
          <className>com.wakaleo.gameoflife.domain.WhenYouCreateACell</className>
          <testName>aDeadCellShouldBePrintedAsADot</testName>
          <skipped>false</skipped>
          <failedSince>0</failedSince>
        </case>
        <case>
          <duration>0.0</duration>
          <className>com.wakaleo.gameoflife.domain.WhenYouCreateACell</className>
          <testName>aLiveCellShouldBePrintedAsAnAsterisk</testName>
          <skipped>false</skipped>
          <failedSince>0</failedSince>
        </case>
        <case>
          <duration>0.0</duration>
          <className>com.wakaleo.gameoflife.domain.WhenYouCreateACell</className>
          <testName>aLiveCellSymbolShouldBeAnAsterisk</testName>
          <skipped>false</skipped>
          <failedSince>0</failedSince>
        </case>
        <case>
          <duration>0.0</duration>
          <className>com.wakaleo.gameoflife.domain.WhenYouCreateACell</className>
          <testName>aDeadCellShouldBeRepresentedByADot</testName>
          <skipped>false</skipped>
          <failedSince>0</failedSince>
        </case>
        <case>
          <duration>0.0</duration>
          <className>com.wakaleo.gameoflife.domain.WhenYouCreateACell</className>
          <testName>aDeadCellSymbolShouldBeADot</testName>
          <skipped>false</skipped>
          <failedSince>0</failedSince>
        </case>
        <case>
          <duration>0.0</duration>
          <className>com.wakaleo.gameoflife.domain.WhenYouCreateACell</className>
          <testName>aLiveCellShouldBeRepresentedByAnAsterisk</testName>
          <skipped>false</skipped>
          <failedSince>0</failedSince>
        </case>
      </cases>
    </suite>
    <suite>
      <file>/var/lib/jenkins/workspace/0.Jenkins_FullPipeLine/gameoflife-core/target/surefire-reports/TEST-com.wakaleo.gameoflife.domain.WhenYouCreateAGrid.xml</file>
      <name>com.wakaleo.gameoflife.domain.WhenYouCreateAGrid</name>
      <duration>0.037</duration>
      <time>0.037</time>
      <nodeId>47</nodeId>
      <enclosingBlocks>
        <string>42</string>
      </enclosingBlocks>
      <enclosingBlockNames>
        <string>Metrics</string>
      </enclosingBlockNames>
      <cases>
        <case>
          <duration>0.005</duration>
          <className>com.wakaleo.gameoflife.domain.WhenYouCreateAGrid</className>
          <testName>shouldBeAbleToCountLiveNeighboursOfACell</testName>
          <skipped>false</skipped>
          <failedSince>0</failedSince>
        </case>
        <case>
          <duration>0.0</duration>
          <className>com.wakaleo.gameoflife.domain.WhenYouCreateAGrid</className>
          <testName>shouldBeAbleToReadTheStateOfADeadCell</testName>
          <skipped>false</skipped>
          <failedSince>0</failedSince>
        </case>
        <case>
          <duration>0.0</duration>
          <className>com.wakaleo.gameoflife.domain.WhenYouCreateAGrid</className>
          <testName>theGridContentsAsAnArrayShouldBeTheCorrectSize</testName>
          <skipped>false</skipped>
          <failedSince>0</failedSince>
        </case>
        <case>
          <duration>0.0</duration>
          <className>com.wakaleo.gameoflife.domain.WhenYouCreateAGrid</className>
          <testName>shouldBeAbleToSeedAGridWithAString</testName>
          <skipped>false</skipped>
          <failedSince>0</failedSince>
        </case>
        <case>
          <duration>0.0</duration>
          <className>com.wakaleo.gameoflife.domain.WhenYouCreateAGrid</className>
          <testName>shouldBeAbleToSeedAGridWithANonEmptyString</testName>
          <skipped>false</skipped>
          <failedSince>0</failedSince>
        </case>
        <case>
          <duration>0.0</duration>
          <className>com.wakaleo.gameoflife.domain.WhenYouCreateAGrid</className>
          <testName>aNewGridShouldBeEmpty</testName>
          <skipped>false</skipped>
          <failedSince>0</failedSince>
        </case>
        <case>
          <duration>0.0</duration>
          <className>com.wakaleo.gameoflife.domain.WhenYouCreateAGrid</className>
          <testName>shouldBeAbleToReadTheWidthOfTheGrid</testName>
          <skipped>false</skipped>
          <failedSince>0</failedSince>
        </case>
        <case>
          <duration>0.004</duration>
          <className>com.wakaleo.gameoflife.domain.WhenYouCreateAGrid</className>
          <testName>shouldBeAbleToCountLiveNeighboursOfACellOnBoundaries</testName>
          <skipped>false</skipped>
          <failedSince>0</failedSince>
        </case>
        <case>
          <duration>0.0</duration>
          <className>com.wakaleo.gameoflife.domain.WhenYouCreateAGrid</className>
          <testName>ModifyingTheGridContentsAsAnArrayShouldNotModifyTheOriginalContents</testName>
          <skipped>false</skipped>
          <failedSince>0</failedSince>
        </case>
        <case>
          <duration>0.0</duration>
          <className>com.wakaleo.gameoflife.domain.WhenYouCreateAGrid</className>
          <testName>shouldNotCountTheTargetCellAsANeighbour</testName>
          <skipped>false</skipped>
          <failedSince>0</failedSince>
        </case>
        <case>
          <duration>0.0</duration>
          <className>com.wakaleo.gameoflife.domain.WhenYouCreateAGrid</className>
          <testName>shouldBeAbleToReadTheStateOfALivingCell</testName>
          <skipped>false</skipped>
          <failedSince>0</failedSince>
        </case>
        <case>
          <duration>0.0</duration>
          <className>com.wakaleo.gameoflife.domain.WhenYouCreateAGrid</className>
          <testName>shouldBeAbleToReadTheHeightOfTheGrid</testName>
          <skipped>false</skipped>
          <failedSince>0</failedSince>
        </case>
        <case>
          <duration>0.0</duration>
          <className>com.wakaleo.gameoflife.domain.WhenYouCreateAGrid</className>
          <testName>shouldBeAbleToCountLiveNeighboursOfACellInTheMiddleOfTheGrid</testName>
          <skipped>false</skipped>
          <failedSince>0</failedSince>
        </case>
        <case>
          <duration>0.0</duration>
          <className>com.wakaleo.gameoflife.domain.WhenYouCreateAGrid</className>
          <testName>shouldBeAbleToCountLiveNeighboursOfACellOnDiagonalsAndStraightLines</testName>
          <skipped>false</skipped>
          <failedSince>0</failedSince>
        </case>
        <case>
          <duration>0.0</duration>
          <className>com.wakaleo.gameoflife.domain.WhenYouCreateAGrid</className>
          <testName>shouldBeAbleToObtainTheGridContentsAsAnArray</testName>
          <skipped>false</skipped>
          <failedSince>0</failedSince>
        </case>
        <case>
          <duration>0.0</duration>
          <className>com.wakaleo.gameoflife.domain.WhenYouCreateAGrid</className>
          <testName>shouldBeAbleToCountLiveNeighboursOfACellOnAnotherLine</testName>
          <skipped>false</skipped>
          <failedSince>0</failedSince>
        </case>
      </cases>
    </suite>
    <suite>
      <file>/var/lib/jenkins/workspace/0.Jenkins_FullPipeLine/gameoflife-core/target/surefire-reports/TEST-com.wakaleo.gameoflife.domain.WhenYouCreateANewUniverse.xml</file>
      <name>com.wakaleo.gameoflife.domain.WhenYouCreateANewUniverse</name>
      <duration>0.0</duration>
      <time>0</time>
      <nodeId>47</nodeId>
      <enclosingBlocks>
        <string>42</string>
      </enclosingBlocks>
      <enclosingBlockNames>
        <string>Metrics</string>
      </enclosingBlockNames>
      <cases>
        <case>
          <duration>0.0</duration>
          <className>com.wakaleo.gameoflife.domain.WhenYouCreateANewUniverse</className>
          <testName>aUserCanAssignALiveCellAtAGivenPointInTheGrid</testName>
          <skipped>false</skipped>
          <failedSince>0</failedSince>
        </case>
        <case>
          <duration>0.0</duration>
          <className>com.wakaleo.gameoflife.domain.WhenYouCreateANewUniverse</className>
          <testName>aUniverseCanBeInitializedWithAnyDimension</testName>
          <skipped>false</skipped>
          <failedSince>0</failedSince>
        </case>
        <case>
          <duration>0.0</duration>
          <className>com.wakaleo.gameoflife.domain.WhenYouCreateANewUniverse</className>
          <testName>aUniverseSeededWithAnEmpyGridContentWillContainAnEmptyGrid</testName>
          <skipped>false</skipped>
          <failedSince>0</failedSince>
        </case>
        <case>
          <duration>0.0</duration>
          <className>com.wakaleo.gameoflife.domain.WhenYouCreateANewUniverse</className>
          <testName>aUserCanReadADeadCellValueAtAGivenPointInTheGrid</testName>
          <skipped>false</skipped>
          <failedSince>0</failedSince>
        </case>
        <case>
          <duration>0.0</duration>
          <className>com.wakaleo.gameoflife.domain.WhenYouCreateANewUniverse</className>
          <testName>aUserCanObtainTheGridContentsAsAnArrayOfCells</testName>
          <skipped>false</skipped>
          <failedSince>0</failedSince>
        </case>
        <case>
          <duration>0.0</duration>
          <className>com.wakaleo.gameoflife.domain.WhenYouCreateANewUniverse</className>
          <testName>aUserCanReadALiveCellValueAtAGivenPointInTheGrid</testName>
          <skipped>false</skipped>
          <failedSince>0</failedSince>
        </case>
        <case>
          <duration>0.0</duration>
          <className>com.wakaleo.gameoflife.domain.WhenYouCreateANewUniverse</className>
          <testName>aUserCanAssignADeadCellAtAGivenPointInTheGrid</testName>
          <skipped>false</skipped>
          <failedSince>0</failedSince>
        </case>
        <case>
          <duration>0.0</duration>
          <className>com.wakaleo.gameoflife.domain.WhenYouCreateANewUniverse</className>
          <testName>aUniverseSeededWithAGridContainingASingleLiveCellContentWillSpawnAnEmptyGrid</testName>
          <skipped>false</skipped>
          <failedSince>0</failedSince>
        </case>
        <case>
          <duration>0.0</duration>
          <className>com.wakaleo.gameoflife.domain.WhenYouCreateANewUniverse</className>
          <testName>aUniverseSeededWithAGridWithLivingCellsContentWillContainThatGrid</testName>
          <skipped>false</skipped>
          <failedSince>0</failedSince>
        </case>
        <case>
          <duration>0.0</duration>
          <className>com.wakaleo.gameoflife.domain.WhenYouCreateANewUniverse</className>
          <testName>aUniverseSpawnsANewGridInTheNextGeneration</testName>
          <skipped>false</skipped>
          <failedSince>0</failedSince>
        </case>
        <case>
          <duration>0.0</duration>
          <className>com.wakaleo.gameoflife.domain.WhenYouCreateANewUniverse</className>
          <testName>aNewUniverseShouldContainOnlyDeadCells</testName>
          <skipped>false</skipped>
          <failedSince>0</failedSince>
        </case>
      </cases>
    </suite>
    <suite>
      <file>/var/lib/jenkins/workspace/0.Jenkins_FullPipeLine/gameoflife-core/target/surefire-reports/TEST-com.wakaleo.gameoflife.domain.WhenYouPlayTheGameOfLife.xml</file>
      <name>com.wakaleo.gameoflife.domain.WhenYouPlayTheGameOfLife</name>
      <duration>0.014</duration>
      <time>0.014</time>
      <nodeId>47</nodeId>
      <enclosingBlocks>
        <string>42</string>
      </enclosingBlocks>
      <enclosingBlockNames>
        <string>Metrics</string>
      </enclosingBlockNames>
      <cases>
        <case>
          <duration>0.001</duration>
          <className>com.wakaleo.gameoflife.domain.WhenYouPlayTheGameOfLife</className>
          <testName>aCellWithNoNeighboursShouldDieInTheNextGeneration</testName>
          <skipped>false</skipped>
          <failedSince>0</failedSince>
        </case>
        <case>
          <duration>0.0</duration>
          <className>com.wakaleo.gameoflife.domain.WhenYouPlayTheGameOfLife</className>
          <testName>liveCellaWith2or3iveNeighbourShouldRemainAliveInTheNextGeneration</testName>
          <skipped>false</skipped>
          <failedSince>0</failedSince>
        </case>
        <case>
          <duration>0.0</duration>
          <className>com.wakaleo.gameoflife.domain.WhenYouPlayTheGameOfLife</className>
          <testName>aDeadCellWithNoNeighboursShouldRemainDeadInTheNextGeneration</testName>
          <skipped>false</skipped>
          <failedSince>0</failedSince>
        </case>
        <case>
          <duration>0.0</duration>
          <className>com.wakaleo.gameoflife.domain.WhenYouPlayTheGameOfLife</className>
          <testName>aDeadCellWithOneLiveNeighbourShouldRemainDeadInTheNextGeneration</testName>
          <skipped>false</skipped>
          <failedSince>0</failedSince>
        </case>
        <case>
          <duration>0.002</duration>
          <className>com.wakaleo.gameoflife.domain.WhenYouPlayTheGameOfLife</className>
          <testName>aLiveCellWithExactlyTwoLiveNeighbourShouldRemainAliveInTheNextGeneration</testName>
          <skipped>false</skipped>
          <failedSince>0</failedSince>
        </case>
      </cases>
    </suite>
    <suite>
      <file>/var/lib/jenkins/workspace/0.Jenkins_FullPipeLine/gameoflife-core/target/surefire-reports/TEST-com.wakaleo.gameoflife.domain.WhenYouPrintAGrid.xml</file>
      <name>com.wakaleo.gameoflife.domain.WhenYouPrintAGrid</name>
      <duration>0.704</duration>
      <time>0.704</time>
      <nodeId>47</nodeId>
      <enclosingBlocks>
        <string>42</string>
      </enclosingBlocks>
      <enclosingBlockNames>
        <string>Metrics</string>
      </enclosingBlockNames>
      <cases>
        <case>
          <duration>0.015</duration>
          <className>com.wakaleo.gameoflife.domain.WhenYouPrintAGrid</className>
          <testName>shouldBeAbleToReadAStringGridContainingLiveAndDeadCells</testName>
          <skipped>false</skipped>
          <failedSince>0</failedSince>
        </case>
        <case>
          <duration>0.0</duration>
          <className>com.wakaleo.gameoflife.domain.WhenYouPrintAGrid</className>
          <testName>shouldBeAbleToReadALargeStringGridContainingLiveAndDeadCells</testName>
          <skipped>false</skipped>
          <failedSince>0</failedSince>
        </case>
        <case>
          <duration>0.0</duration>
          <className>com.wakaleo.gameoflife.domain.WhenYouPrintAGrid</className>
          <testName>shouldBeAbleToReadAGridOfCellsFromAString</testName>
          <skipped>false</skipped>
          <failedSince>0</failedSince>
        </case>
      </cases>
    </suite>
    <suite>
      <file>/var/lib/jenkins/workspace/0.Jenkins_FullPipeLine/gameoflife-core/target/surefire-reports/TEST-com.wakaleo.gameoflife.domain.WhenYouReadAGridFromAString.xml</file>
      <name>com.wakaleo.gameoflife.domain.WhenYouReadAGridFromAString</name>
      <duration>0.021</duration>
      <time>0.021</time>
      <nodeId>47</nodeId>
      <enclosingBlocks>
        <string>42</string>
      </enclosingBlocks>
      <enclosingBlockNames>
        <string>Metrics</string>
      </enclosingBlockNames>
      <cases>
        <case>
          <duration>0.0</duration>
          <className>com.wakaleo.gameoflife.domain.WhenYouReadAGridFromAString</className>
          <testName>shouldRefuseIllegalCellCharacters</testName>
          <skipped>false</skipped>
          <failedSince>0</failedSince>
        </case>
        <case>
          <duration>0.001</duration>
          <className>com.wakaleo.gameoflife.domain.WhenYouReadAGridFromAString</className>
          <testName>shouldBeAbleToReadAGridContainingLiveAndDeadCells</testName>
          <skipped>false</skipped>
          <failedSince>0</failedSince>
        </case>
        <case>
          <duration>0.0</duration>
          <className>com.wakaleo.gameoflife.domain.WhenYouReadAGridFromAString</className>
          <testName>shouldBeAbleToReadAnAsymetricalGridContainingLiveAndDeadCells</testName>
          <skipped>false</skipped>
          <failedSince>0</failedSince>
        </case>
        <case>
          <duration>0.001</duration>
          <className>com.wakaleo.gameoflife.domain.WhenYouReadAGridFromAString</className>
          <testName>shouldBeAbleToReadAVeryLargerGrid</testName>
          <skipped>false</skipped>
          <failedSince>0</failedSince>
        </case>
        <case>
          <duration>0.0</duration>
          <className>com.wakaleo.gameoflife.domain.WhenYouReadAGridFromAString</className>
          <testName>shouldBeAbleToReadALargerGrid</testName>
          <skipped>false</skipped>
          <failedSince>0</failedSince>
        </case>
        <case>
          <duration>0.0</duration>
          <className>com.wakaleo.gameoflife.domain.WhenYouReadAGridFromAString</className>
          <testName>shouldBeAbleToReadAGridContainingASingleCellFromAString</testName>
          <skipped>false</skipped>
          <failedSince>0</failedSince>
        </case>
        <case>
          <duration>0.002</duration>
          <className>com.wakaleo.gameoflife.domain.WhenYouReadAGridFromAString</className>
          <testName>shouldBeAbleToReadAGridOfCellsFromAString</testName>
          <skipped>false</skipped>
          <failedSince>0</failedSince>
        </case>
        <case>
          <duration>0.001</duration>
          <className>com.wakaleo.gameoflife.domain.WhenYouReadAGridFromAString</className>
          <testName>shouldBeAbleToReadAnEmptyGridOfCellsFromAnEmptyString</testName>
          <skipped>false</skipped>
          <failedSince>0</failedSince>
        </case>
      </cases>
    </suite>
    <suite>
      <file>/var/lib/jenkins/workspace/0.Jenkins_FullPipeLine/gameoflife-web/target/surefire-reports/TEST-com.wakaleo.gameoflife.webtests.controllers.WhenCreatingANewGame.xml</file>
      <name>com.wakaleo.gameoflife.webtests.controllers.WhenCreatingANewGame</name>
      <duration>0.096</duration>
      <time>0.096</time>
      <nodeId>47</nodeId>
      <enclosingBlocks>
        <string>42</string>
      </enclosingBlocks>
      <enclosingBlockNames>
        <string>Metrics</string>
      </enclosingBlockNames>
      <cases>
        <case>
          <duration>0.016</duration>
          <className>com.wakaleo.gameoflife.webtests.controllers.WhenCreatingANewGame</className>
          <testName>anEmptyUniverseShouldBeAddedToTheSession</testName>
          <skipped>false</skipped>
          <failedSince>0</failedSince>
        </case>
        <case>
          <duration>0.031</duration>
          <className>com.wakaleo.gameoflife.webtests.controllers.WhenCreatingANewGame</className>
          <testName>whenTheUserCreatesTheFirstGenerationAnEmptyUniverseShouldBeAddedToTheSession</testName>
          <skipped>false</skipped>
          <failedSince>0</failedSince>
        </case>
        <case>
          <duration>0.044</duration>
          <className>com.wakaleo.gameoflife.webtests.controllers.WhenCreatingANewGame</className>
          <testName>whenTheUserCreatesTheFirstGenerationTheUniverseDimensionsShouldBeAddedToTheSession</testName>
          <skipped>false</skipped>
          <failedSince>0</failedSince>
        </case>
      </cases>
    </suite>
    <suite>
      <file>/var/lib/jenkins/workspace/0.Jenkins_FullPipeLine/gameoflife-web/target/surefire-reports/TEST-com.wakaleo.gameoflife.webtests.controllers.WhenDisplayingTheHomePage.xml</file>
      <name>com.wakaleo.gameoflife.webtests.controllers.WhenDisplayingTheHomePage</name>
      <duration>0.001</duration>
      <time>0.001</time>
      <nodeId>47</nodeId>
      <enclosingBlocks>
        <string>42</string>
      </enclosingBlocks>
      <enclosingBlockNames>
        <string>Metrics</string>
      </enclosingBlockNames>
      <cases>
        <case>
          <duration>0.0</duration>
          <className>com.wakaleo.gameoflife.webtests.controllers.WhenDisplayingTheHomePage</className>
          <testName>theHomeUrlShouldDisplayTheHomePage</testName>
          <skipped>false</skipped>
          <failedSince>0</failedSince>
        </case>
        <case>
          <duration>0.0</duration>
          <className>com.wakaleo.gameoflife.webtests.controllers.WhenDisplayingTheHomePage</className>
          <testName>theIndexUrlShouldDisplayTheHomePage</testName>
          <skipped>false</skipped>
          <failedSince>0</failedSince>
        </case>
      </cases>
    </suite>
    <suite>
      <file>/var/lib/jenkins/workspace/0.Jenkins_FullPipeLine/gameoflife-web/target/surefire-reports/TEST-com.wakaleo.gameoflife.webtests.controllers.WhenSpawningANewGeneration.xml</file>
      <name>com.wakaleo.gameoflife.webtests.controllers.WhenSpawningANewGeneration</name>
      <duration>1.571</duration>
      <time>1.571</time>
      <nodeId>47</nodeId>
      <enclosingBlocks>
        <string>42</string>
      </enclosingBlocks>
      <enclosingBlockNames>
        <string>Metrics</string>
      </enclosingBlockNames>
      <cases>
        <case>
          <duration>0.067</duration>
          <className>com.wakaleo.gameoflife.webtests.controllers.WhenSpawningANewGeneration</className>
          <testName>theIndexUrlShouldDisplayTheHomePage</testName>
          <skipped>false</skipped>
          <failedSince>0</failedSince>
        </case>
        <case>
          <duration>1.284</duration>
          <className>com.wakaleo.gameoflife.webtests.controllers.WhenSpawningANewGeneration</className>
          <testName>whenGeneratingTheNextGenerationAnUpdatedUniverseShouldBeProduced</testName>
          <skipped>false</skipped>
          <failedSince>0</failedSince>
        </case>
      </cases>
    </suite>
    <suite>
      <file>/var/lib/jenkins/workspace/0.Jenkins_FullPipeLine/gameoflife-core/target/surefire-reports/TEST-behavior.CountingThings.xml</file>
      <name>behavior.CountingThings</name>
      <duration>0.281</duration>
      <time>0.281</time>
      <nodeId>56</nodeId>
      <enclosingBlocks>
        <string>52</string>
      </enclosingBlocks>
      <enclosingBlockNames>
        <string>Package</string>
      </enclosingBlockNames>
      <cases>
        <case>
          <duration>0.117</duration>
          <className>behavior.CountingThings</className>
          <testName>Adding two integers</testName>
          <skipped>false</skipped>
          <failedSince>0</failedSince>
        </case>
      </cases>
    </suite>
    <suite>
      <file>/var/lib/jenkins/workspace/0.Jenkins_FullPipeLine/gameoflife-core/target/surefire-reports/TEST-behavior.MultiplyingThings.xml</file>
      <name>behavior.MultiplyingThings</name>
      <duration>7.107</duration>
      <time>7.107</time>
      <nodeId>56</nodeId>
      <enclosingBlocks>
        <string>52</string>
      </enclosingBlocks>
      <enclosingBlockNames>
        <string>Package</string>
      </enclosingBlockNames>
      <cases>
        <case>
          <duration>0.074</duration>
          <className>behavior.MultiplyingThings</className>
          <testName>Adding two integers</testName>
          <skipped>true</skipped>
          <skippedMessage></skippedMessage>
          <failedSince>0</failedSince>
        </case>
      </cases>
    </suite>
    <suite>
      <file>/var/lib/jenkins/workspace/0.Jenkins_FullPipeLine/gameoflife-core/target/surefire-reports/TEST-com.wakaleo.gameoflife.domain.WhenYouCreateACell.xml</file>
      <name>com.wakaleo.gameoflife.domain.WhenYouCreateACell</name>
      <duration>0.0</duration>
      <time>0</time>
      <nodeId>56</nodeId>
      <enclosingBlocks>
        <string>52</string>
      </enclosingBlocks>
      <enclosingBlockNames>
        <string>Package</string>
      </enclosingBlockNames>
      <cases>
        <case>
          <duration>0.0</duration>
          <className>com.wakaleo.gameoflife.domain.WhenYouCreateACell</className>
          <testName>aDeadCellShouldBePrintedAsADot</testName>
          <skipped>false</skipped>
          <failedSince>0</failedSince>
        </case>
        <case>
          <duration>0.0</duration>
          <className>com.wakaleo.gameoflife.domain.WhenYouCreateACell</className>
          <testName>aLiveCellShouldBePrintedAsAnAsterisk</testName>
          <skipped>false</skipped>
          <failedSince>0</failedSince>
        </case>
        <case>
          <duration>0.0</duration>
          <className>com.wakaleo.gameoflife.domain.WhenYouCreateACell</className>
          <testName>aLiveCellSymbolShouldBeAnAsterisk</testName>
          <skipped>false</skipped>
          <failedSince>0</failedSince>
        </case>
        <case>
          <duration>0.0</duration>
          <className>com.wakaleo.gameoflife.domain.WhenYouCreateACell</className>
          <testName>aDeadCellShouldBeRepresentedByADot</testName>
          <skipped>false</skipped>
          <failedSince>0</failedSince>
        </case>
        <case>
          <duration>0.0</duration>
          <className>com.wakaleo.gameoflife.domain.WhenYouCreateACell</className>
          <testName>aDeadCellSymbolShouldBeADot</testName>
          <skipped>false</skipped>
          <failedSince>0</failedSince>
        </case>
        <case>
          <duration>0.0</duration>
          <className>com.wakaleo.gameoflife.domain.WhenYouCreateACell</className>
          <testName>aLiveCellShouldBeRepresentedByAnAsterisk</testName>
          <skipped>false</skipped>
          <failedSince>0</failedSince>
        </case>
      </cases>
    </suite>
    <suite>
      <file>/var/lib/jenkins/workspace/0.Jenkins_FullPipeLine/gameoflife-core/target/surefire-reports/TEST-com.wakaleo.gameoflife.domain.WhenYouCreateAGrid.xml</file>
      <name>com.wakaleo.gameoflife.domain.WhenYouCreateAGrid</name>
      <duration>0.041</duration>
      <time>0.041</time>
      <nodeId>56</nodeId>
      <enclosingBlocks>
        <string>52</string>
      </enclosingBlocks>
      <enclosingBlockNames>
        <string>Package</string>
      </enclosingBlockNames>
      <cases>
        <case>
          <duration>0.0</duration>
          <className>com.wakaleo.gameoflife.domain.WhenYouCreateAGrid</className>
          <testName>shouldBeAbleToCountLiveNeighboursOfACell</testName>
          <skipped>false</skipped>
          <failedSince>0</failedSince>
        </case>
        <case>
          <duration>0.0</duration>
          <className>com.wakaleo.gameoflife.domain.WhenYouCreateAGrid</className>
          <testName>shouldBeAbleToReadTheStateOfADeadCell</testName>
          <skipped>false</skipped>
          <failedSince>0</failedSince>
        </case>
        <case>
          <duration>0.007</duration>
          <className>com.wakaleo.gameoflife.domain.WhenYouCreateAGrid</className>
          <testName>theGridContentsAsAnArrayShouldBeTheCorrectSize</testName>
          <skipped>false</skipped>
          <failedSince>0</failedSince>
        </case>
        <case>
          <duration>0.001</duration>
          <className>com.wakaleo.gameoflife.domain.WhenYouCreateAGrid</className>
          <testName>shouldBeAbleToSeedAGridWithAString</testName>
          <skipped>false</skipped>
          <failedSince>0</failedSince>
        </case>
        <case>
          <duration>0.0</duration>
          <className>com.wakaleo.gameoflife.domain.WhenYouCreateAGrid</className>
          <testName>shouldBeAbleToSeedAGridWithANonEmptyString</testName>
          <skipped>false</skipped>
          <failedSince>0</failedSince>
        </case>
        <case>
          <duration>0.0</duration>
          <className>com.wakaleo.gameoflife.domain.WhenYouCreateAGrid</className>
          <testName>aNewGridShouldBeEmpty</testName>
          <skipped>false</skipped>
          <failedSince>0</failedSince>
        </case>
        <case>
          <duration>0.003</duration>
          <className>com.wakaleo.gameoflife.domain.WhenYouCreateAGrid</className>
          <testName>shouldBeAbleToReadTheWidthOfTheGrid</testName>
          <skipped>false</skipped>
          <failedSince>0</failedSince>
        </case>
        <case>
          <duration>0.0</duration>
          <className>com.wakaleo.gameoflife.domain.WhenYouCreateAGrid</className>
          <testName>shouldBeAbleToCountLiveNeighboursOfACellOnBoundaries</testName>
          <skipped>false</skipped>
          <failedSince>0</failedSince>
        </case>
        <case>
          <duration>0.004</duration>
          <className>com.wakaleo.gameoflife.domain.WhenYouCreateAGrid</className>
          <testName>ModifyingTheGridContentsAsAnArrayShouldNotModifyTheOriginalContents</testName>
          <skipped>false</skipped>
          <failedSince>0</failedSince>
        </case>
        <case>
          <duration>0.0</duration>
          <className>com.wakaleo.gameoflife.domain.WhenYouCreateAGrid</className>
          <testName>shouldNotCountTheTargetCellAsANeighbour</testName>
          <skipped>false</skipped>
          <failedSince>0</failedSince>
        </case>
        <case>
          <duration>0.0</duration>
          <className>com.wakaleo.gameoflife.domain.WhenYouCreateAGrid</className>
          <testName>shouldBeAbleToReadTheStateOfALivingCell</testName>
          <skipped>false</skipped>
          <failedSince>0</failedSince>
        </case>
        <case>
          <duration>0.0</duration>
          <className>com.wakaleo.gameoflife.domain.WhenYouCreateAGrid</className>
          <testName>shouldBeAbleToReadTheHeightOfTheGrid</testName>
          <skipped>false</skipped>
          <failedSince>0</failedSince>
        </case>
        <case>
          <duration>0.0</duration>
          <className>com.wakaleo.gameoflife.domain.WhenYouCreateAGrid</className>
          <testName>shouldBeAbleToCountLiveNeighboursOfACellInTheMiddleOfTheGrid</testName>
          <skipped>false</skipped>
          <failedSince>0</failedSince>
        </case>
        <case>
          <duration>0.0</duration>
          <className>com.wakaleo.gameoflife.domain.WhenYouCreateAGrid</className>
          <testName>shouldBeAbleToCountLiveNeighboursOfACellOnDiagonalsAndStraightLines</testName>
          <skipped>false</skipped>
          <failedSince>0</failedSince>
        </case>
        <case>
          <duration>0.002</duration>
          <className>com.wakaleo.gameoflife.domain.WhenYouCreateAGrid</className>
          <testName>shouldBeAbleToObtainTheGridContentsAsAnArray</testName>
          <skipped>false</skipped>
          <failedSince>0</failedSince>
        </case>
        <case>
          <duration>0.0</duration>
          <className>com.wakaleo.gameoflife.domain.WhenYouCreateAGrid</className>
          <testName>shouldBeAbleToCountLiveNeighboursOfACellOnAnotherLine</testName>
          <skipped>false</skipped>
          <failedSince>0</failedSince>
        </case>
      </cases>
    </suite>
    <suite>
      <file>/var/lib/jenkins/workspace/0.Jenkins_FullPipeLine/gameoflife-core/target/surefire-reports/TEST-com.wakaleo.gameoflife.domain.WhenYouCreateANewUniverse.xml</file>
      <name>com.wakaleo.gameoflife.domain.WhenYouCreateANewUniverse</name>
      <duration>0.073</duration>
      <time>0.073</time>
      <nodeId>56</nodeId>
      <enclosingBlocks>
        <string>52</string>
      </enclosingBlocks>
      <enclosingBlockNames>
        <string>Package</string>
      </enclosingBlockNames>
      <cases>
        <case>
          <duration>0.011</duration>
          <className>com.wakaleo.gameoflife.domain.WhenYouCreateANewUniverse</className>
          <testName>aUserCanAssignALiveCellAtAGivenPointInTheGrid</testName>
          <skipped>false</skipped>
          <failedSince>0</failedSince>
        </case>
        <case>
          <duration>0.0</duration>
          <className>com.wakaleo.gameoflife.domain.WhenYouCreateANewUniverse</className>
          <testName>aUniverseCanBeInitializedWithAnyDimension</testName>
          <skipped>false</skipped>
          <failedSince>0</failedSince>
        </case>
        <case>
          <duration>0.001</duration>
          <className>com.wakaleo.gameoflife.domain.WhenYouCreateANewUniverse</className>
          <testName>aUniverseSeededWithAnEmpyGridContentWillContainAnEmptyGrid</testName>
          <skipped>false</skipped>
          <failedSince>0</failedSince>
        </case>
        <case>
          <duration>0.006</duration>
          <className>com.wakaleo.gameoflife.domain.WhenYouCreateANewUniverse</className>
          <testName>aUserCanReadADeadCellValueAtAGivenPointInTheGrid</testName>
          <skipped>false</skipped>
          <failedSince>0</failedSince>
        </case>
        <case>
          <duration>0.0</duration>
          <className>com.wakaleo.gameoflife.domain.WhenYouCreateANewUniverse</className>
          <testName>aUserCanObtainTheGridContentsAsAnArrayOfCells</testName>
          <skipped>false</skipped>
          <failedSince>0</failedSince>
        </case>
        <case>
          <duration>0.01</duration>
          <className>com.wakaleo.gameoflife.domain.WhenYouCreateANewUniverse</className>
          <testName>aUserCanReadALiveCellValueAtAGivenPointInTheGrid</testName>
          <skipped>false</skipped>
          <failedSince>0</failedSince>
        </case>
        <case>
          <duration>0.0</duration>
          <className>com.wakaleo.gameoflife.domain.WhenYouCreateANewUniverse</className>
          <testName>aUserCanAssignADeadCellAtAGivenPointInTheGrid</testName>
          <skipped>false</skipped>
          <failedSince>0</failedSince>
        </case>
        <case>
          <duration>0.0</duration>
          <className>com.wakaleo.gameoflife.domain.WhenYouCreateANewUniverse</className>
          <testName>aUniverseSeededWithAGridContainingASingleLiveCellContentWillSpawnAnEmptyGrid</testName>
          <skipped>false</skipped>
          <failedSince>0</failedSince>
        </case>
        <case>
          <duration>0.0</duration>
          <className>com.wakaleo.gameoflife.domain.WhenYouCreateANewUniverse</className>
          <testName>aUniverseSeededWithAGridWithLivingCellsContentWillContainThatGrid</testName>
          <skipped>false</skipped>
          <failedSince>0</failedSince>
        </case>
        <case>
          <duration>0.0</duration>
          <className>com.wakaleo.gameoflife.domain.WhenYouCreateANewUniverse</className>
          <testName>aUniverseSpawnsANewGridInTheNextGeneration</testName>
          <skipped>false</skipped>
          <failedSince>0</failedSince>
        </case>
        <case>
          <duration>0.0</duration>
          <className>com.wakaleo.gameoflife.domain.WhenYouCreateANewUniverse</className>
          <testName>aNewUniverseShouldContainOnlyDeadCells</testName>
          <skipped>false</skipped>
          <failedSince>0</failedSince>
        </case>
      </cases>
    </suite>
    <suite>
      <file>/var/lib/jenkins/workspace/0.Jenkins_FullPipeLine/gameoflife-core/target/surefire-reports/TEST-com.wakaleo.gameoflife.domain.WhenYouPlayTheGameOfLife.xml</file>
      <name>com.wakaleo.gameoflife.domain.WhenYouPlayTheGameOfLife</name>
      <duration>0.035</duration>
      <time>0.035</time>
      <nodeId>56</nodeId>
      <enclosingBlocks>
        <string>52</string>
      </enclosingBlocks>
      <enclosingBlockNames>
        <string>Package</string>
      </enclosingBlockNames>
      <cases>
        <case>
          <duration>0.001</duration>
          <className>com.wakaleo.gameoflife.domain.WhenYouPlayTheGameOfLife</className>
          <testName>aCellWithNoNeighboursShouldDieInTheNextGeneration</testName>
          <skipped>false</skipped>
          <failedSince>0</failedSince>
        </case>
        <case>
          <duration>0.001</duration>
          <className>com.wakaleo.gameoflife.domain.WhenYouPlayTheGameOfLife</className>
          <testName>liveCellaWith2or3iveNeighbourShouldRemainAliveInTheNextGeneration</testName>
          <skipped>false</skipped>
          <failedSince>0</failedSince>
        </case>
        <case>
          <duration>0.001</duration>
          <className>com.wakaleo.gameoflife.domain.WhenYouPlayTheGameOfLife</className>
          <testName>aDeadCellWithNoNeighboursShouldRemainDeadInTheNextGeneration</testName>
          <skipped>false</skipped>
          <failedSince>0</failedSince>
        </case>
        <case>
          <duration>0.0</duration>
          <className>com.wakaleo.gameoflife.domain.WhenYouPlayTheGameOfLife</className>
          <testName>aDeadCellWithOneLiveNeighbourShouldRemainDeadInTheNextGeneration</testName>
          <skipped>false</skipped>
          <failedSince>0</failedSince>
        </case>
        <case>
          <duration>0.0</duration>
          <className>com.wakaleo.gameoflife.domain.WhenYouPlayTheGameOfLife</className>
          <testName>aLiveCellWithExactlyTwoLiveNeighbourShouldRemainAliveInTheNextGeneration</testName>
          <skipped>false</skipped>
          <failedSince>0</failedSince>
        </case>
      </cases>
    </suite>
    <suite>
      <file>/var/lib/jenkins/workspace/0.Jenkins_FullPipeLine/gameoflife-core/target/surefire-reports/TEST-com.wakaleo.gameoflife.domain.WhenYouPrintAGrid.xml</file>
      <name>com.wakaleo.gameoflife.domain.WhenYouPrintAGrid</name>
      <duration>0.653</duration>
      <time>0.653</time>
      <nodeId>56</nodeId>
      <enclosingBlocks>
        <string>52</string>
      </enclosingBlocks>
      <enclosingBlockNames>
        <string>Package</string>
      </enclosingBlockNames>
      <cases>
        <case>
          <duration>0.05</duration>
          <className>com.wakaleo.gameoflife.domain.WhenYouPrintAGrid</className>
          <testName>shouldBeAbleToReadAStringGridContainingLiveAndDeadCells</testName>
          <skipped>false</skipped>
          <failedSince>0</failedSince>
        </case>
        <case>
          <duration>0.0</duration>
          <className>com.wakaleo.gameoflife.domain.WhenYouPrintAGrid</className>
          <testName>shouldBeAbleToReadALargeStringGridContainingLiveAndDeadCells</testName>
          <skipped>false</skipped>
          <failedSince>0</failedSince>
        </case>
        <case>
          <duration>0.0</duration>
          <className>com.wakaleo.gameoflife.domain.WhenYouPrintAGrid</className>
          <testName>shouldBeAbleToReadAGridOfCellsFromAString</testName>
          <skipped>false</skipped>
          <failedSince>0</failedSince>
        </case>
      </cases>
    </suite>
    <suite>
      <file>/var/lib/jenkins/workspace/0.Jenkins_FullPipeLine/gameoflife-core/target/surefire-reports/TEST-com.wakaleo.gameoflife.domain.WhenYouReadAGridFromAString.xml</file>
      <name>com.wakaleo.gameoflife.domain.WhenYouReadAGridFromAString</name>
      <duration>0.06</duration>
      <time>0.06</time>
      <nodeId>56</nodeId>
      <enclosingBlocks>
        <string>52</string>
      </enclosingBlocks>
      <enclosingBlockNames>
        <string>Package</string>
      </enclosingBlockNames>
      <cases>
        <case>
          <duration>0.008</duration>
          <className>com.wakaleo.gameoflife.domain.WhenYouReadAGridFromAString</className>
          <testName>shouldRefuseIllegalCellCharacters</testName>
          <skipped>false</skipped>
          <failedSince>0</failedSince>
        </case>
        <case>
          <duration>0.0</duration>
          <className>com.wakaleo.gameoflife.domain.WhenYouReadAGridFromAString</className>
          <testName>shouldBeAbleToReadAGridContainingLiveAndDeadCells</testName>
          <skipped>false</skipped>
          <failedSince>0</failedSince>
        </case>
        <case>
          <duration>0.0</duration>
          <className>com.wakaleo.gameoflife.domain.WhenYouReadAGridFromAString</className>
          <testName>shouldBeAbleToReadAnAsymetricalGridContainingLiveAndDeadCells</testName>
          <skipped>false</skipped>
          <failedSince>0</failedSince>
        </case>
        <case>
          <duration>0.021</duration>
          <className>com.wakaleo.gameoflife.domain.WhenYouReadAGridFromAString</className>
          <testName>shouldBeAbleToReadAVeryLargerGrid</testName>
          <skipped>false</skipped>
          <failedSince>0</failedSince>
        </case>
        <case>
          <duration>0.0</duration>
          <className>com.wakaleo.gameoflife.domain.WhenYouReadAGridFromAString</className>
          <testName>shouldBeAbleToReadALargerGrid</testName>
          <skipped>false</skipped>
          <failedSince>0</failedSince>
        </case>
        <case>
          <duration>0.0</duration>
          <className>com.wakaleo.gameoflife.domain.WhenYouReadAGridFromAString</className>
          <testName>shouldBeAbleToReadAGridContainingASingleCellFromAString</testName>
          <skipped>false</skipped>
          <failedSince>0</failedSince>
        </case>
        <case>
          <duration>0.0</duration>
          <className>com.wakaleo.gameoflife.domain.WhenYouReadAGridFromAString</className>
          <testName>shouldBeAbleToReadAGridOfCellsFromAString</testName>
          <skipped>false</skipped>
          <failedSince>0</failedSince>
        </case>
        <case>
          <duration>0.0</duration>
          <className>com.wakaleo.gameoflife.domain.WhenYouReadAGridFromAString</className>
          <testName>shouldBeAbleToReadAnEmptyGridOfCellsFromAnEmptyString</testName>
          <skipped>false</skipped>
          <failedSince>0</failedSince>
        </case>
      </cases>
    </suite>
    <suite>
      <file>/var/lib/jenkins/workspace/0.Jenkins_FullPipeLine/gameoflife-web/target/surefire-reports/TEST-com.wakaleo.gameoflife.webtests.controllers.WhenCreatingANewGame.xml</file>
      <name>com.wakaleo.gameoflife.webtests.controllers.WhenCreatingANewGame</name>
      <duration>0.05</duration>
      <time>0.05</time>
      <nodeId>56</nodeId>
      <enclosingBlocks>
        <string>52</string>
      </enclosingBlocks>
      <enclosingBlockNames>
        <string>Package</string>
      </enclosingBlockNames>
      <cases>
        <case>
          <duration>0.001</duration>
          <className>com.wakaleo.gameoflife.webtests.controllers.WhenCreatingANewGame</className>
          <testName>anEmptyUniverseShouldBeAddedToTheSession</testName>
          <skipped>false</skipped>
          <failedSince>0</failedSince>
        </case>
        <case>
          <duration>0.023</duration>
          <className>com.wakaleo.gameoflife.webtests.controllers.WhenCreatingANewGame</className>
          <testName>whenTheUserCreatesTheFirstGenerationAnEmptyUniverseShouldBeAddedToTheSession</testName>
          <skipped>false</skipped>
          <failedSince>0</failedSince>
        </case>
        <case>
          <duration>0.02</duration>
          <className>com.wakaleo.gameoflife.webtests.controllers.WhenCreatingANewGame</className>
          <testName>whenTheUserCreatesTheFirstGenerationTheUniverseDimensionsShouldBeAddedToTheSession</testName>
          <skipped>false</skipped>
          <failedSince>0</failedSince>
        </case>
      </cases>
    </suite>
    <suite>
      <file>/var/lib/jenkins/workspace/0.Jenkins_FullPipeLine/gameoflife-web/target/surefire-reports/TEST-com.wakaleo.gameoflife.webtests.controllers.WhenDisplayingTheHomePage.xml</file>
      <name>com.wakaleo.gameoflife.webtests.controllers.WhenDisplayingTheHomePage</name>
      <duration>0.003</duration>
      <time>0.003</time>
      <nodeId>56</nodeId>
      <enclosingBlocks>
        <string>52</string>
      </enclosingBlocks>
      <enclosingBlockNames>
        <string>Package</string>
      </enclosingBlockNames>
      <cases>
        <case>
          <duration>0.001</duration>
          <className>com.wakaleo.gameoflife.webtests.controllers.WhenDisplayingTheHomePage</className>
          <testName>theHomeUrlShouldDisplayTheHomePage</testName>
          <skipped>false</skipped>
          <failedSince>0</failedSince>
        </case>
        <case>
          <duration>0.0</duration>
          <className>com.wakaleo.gameoflife.webtests.controllers.WhenDisplayingTheHomePage</className>
          <testName>theIndexUrlShouldDisplayTheHomePage</testName>
          <skipped>false</skipped>
          <failedSince>0</failedSince>
        </case>
      </cases>
    </suite>
    <suite>
      <file>/var/lib/jenkins/workspace/0.Jenkins_FullPipeLine/gameoflife-web/target/surefire-reports/TEST-com.wakaleo.gameoflife.webtests.controllers.WhenSpawningANewGeneration.xml</file>
      <name>com.wakaleo.gameoflife.webtests.controllers.WhenSpawningANewGeneration</name>
      <duration>2.712</duration>
      <time>2.712</time>
      <nodeId>56</nodeId>
      <enclosingBlocks>
        <string>52</string>
      </enclosingBlocks>
      <enclosingBlockNames>
        <string>Package</string>
      </enclosingBlockNames>
      <cases>
        <case>
          <duration>0.175</duration>
          <className>com.wakaleo.gameoflife.webtests.controllers.WhenSpawningANewGeneration</className>
          <testName>theIndexUrlShouldDisplayTheHomePage</testName>
          <skipped>false</skipped>
          <failedSince>0</failedSince>
        </case>
        <case>
          <duration>1.526</duration>
          <className>com.wakaleo.gameoflife.webtests.controllers.WhenSpawningANewGeneration</className>
          <testName>whenGeneratingTheNextGenerationAnUpdatedUniverseShouldBeProduced</testName>
          <skipped>false</skipped>
          <failedSince>0</failedSince>
        </case>
      </cases>
    </suite>
  </suites>
  <duration>26.390999</duration>
  <keepLongStdio>false</keepLongStdio>
</result>