<?xml version='1.1' encoding='UTF-8'?>
<result plugin="junit@1.28">
  <suites/>
  <duration>0.0</duration>
  <keepLongStdio>false</keepLongStdio>
</result>